0:0:0:0:0:0:0:1 -  -  [22/11/2016:09:27:56 +0000] "GET /jtrac/app/?wicket:bookmarkablePage=wicket-0:info.jtrac.wicket.DashboardPage HTTP/1.1" 302 0 
0:0:0:0:0:0:0:1 -  -  [22/11/2016:09:27:56 +0000] "GET /jtrac/app/login/wicket:pageMapName/wicket-0/;jsessionid=1j7tt0ip7q7iu HTTP/1.1" 200 3467 
0:0:0:0:0:0:0:1 -  -  [22/11/2016:09:27:57 +0000] "GET /jtrac/resources/jtrac.css HTTP/1.1" 200 4348 
0:0:0:0:0:0:0:1 -  -  [22/11/2016:09:27:57 +0000] "GET /jtrac/resources/logoelims.png HTTP/1.1" 404 1406 
0:0:0:0:0:0:0:1 -  -  [22/11/2016:09:27:57 +0000] "GET /jtrac/app/resources/org.apache.wicket.markup.html.WicketEventReference/wicket-event.js HTTP/1.1" 200 2281 
0:0:0:0:0:0:0:1 -  -  [22/11/2016:09:27:57 +0000] "GET /jtrac/resources/logoelims.png HTTP/1.1" 404 1406 
0:0:0:0:0:0:0:1 -  -  [22/11/2016:09:27:57 +0000] "GET /jtrac/favicon.ico HTTP/1.1" 200 894 
0:0:0:0:0:0:0:1 -  -  [22/11/2016:09:28:05 +0000] "POST /jtrac/app/login/wicket:pageMapName/wicket-0/wicket:interface/wicket-0:0:form::IFormSubmitListener::/ HTTP/1.1" 302 0 
0:0:0:0:0:0:0:1 -  -  [22/11/2016:09:28:05 +0000] "GET /jtrac/app/?wicket:bookmarkablePage=wicket-0:info.jtrac.wicket.DashboardPage HTTP/1.1" 200 10747 
0:0:0:0:0:0:0:1 -  -  [22/11/2016:09:28:05 +0000] "GET /jtrac/app/resources/org.apache.wicket.ajax.WicketAjaxReference/wicket-ajax.js HTTP/1.1" 200 18200 
0:0:0:0:0:0:0:1 -  -  [22/11/2016:09:28:05 +0000] "GET /jtrac/resources/logoelims.png HTTP/1.1" 404 1406 
0:0:0:0:0:0:0:1 -  -  [22/11/2016:09:28:05 +0000] "GET /jtrac/resources/dashboard.gif HTTP/1.1" 200 603 
0:0:0:0:0:0:0:1 -  -  [22/11/2016:09:28:05 +0000] "GET /jtrac/resources/search.gif HTTP/1.1" 200 1023 
0:0:0:0:0:0:0:1 -  -  [22/11/2016:09:28:05 +0000] "GET /jtrac/resources/options.gif HTTP/1.1" 200 225 
0:0:0:0:0:0:0:1 -  -  [22/11/2016:09:28:05 +0000] "GET /jtrac/resources/logout.gif HTTP/1.1" 200 1069 
0:0:0:0:0:0:0:1 -  -  [22/11/2016:09:28:05 +0000] "GET /jtrac/resources/user.gif HTTP/1.1" 200 577 
0:0:0:0:0:0:0:1 -  -  [22/11/2016:09:28:05 +0000] "GET /jtrac/resources/new.gif HTTP/1.1" 200 368 
0:0:0:0:0:0:0:1 -  -  [22/11/2016:09:28:05 +0000] "GET /jtrac/resources/collapsed.gif HTTP/1.1" 200 354 
0:0:0:0:0:0:0:1 -  -  [22/11/2016:09:28:05 +0000] "GET /jtrac/app/resources/org.apache.wicket.ajax.AbstractDefaultAjaxBehavior/indicator.gif HTTP/1.1" 200 1553 
0:0:0:0:0:0:0:1 -  -  [22/11/2016:09:28:06 +0000] "GET /jtrac/resources/logoelims.png HTTP/1.1" 404 1406 
0:0:0:0:0:0:0:1 -  -  [22/11/2016:09:28:06 +0000] "GET /jtrac/resources/link.png HTTP/1.1" 200 313 
0:0:0:0:0:0:0:1 -  -  [22/11/2016:09:41:54 +0000] "GET /jtrac/app/?wicket:bookmarkablePage=wicket-0:info.jtrac.wicket.DashboardPage HTTP/1.1" 302 0 
0:0:0:0:0:0:0:1 -  -  [22/11/2016:09:41:54 +0000] "GET /jtrac/app/login/wicket:pageMapName/wicket-0/ HTTP/1.1" 200 3467 
0:0:0:0:0:0:0:1 -  -  [22/11/2016:09:41:55 +0000] "GET /jtrac/resources/jtrac.css HTTP/1.1" 304 0 
0:0:0:0:0:0:0:1 -  -  [22/11/2016:09:41:55 +0000] "GET /jtrac/resources/logoelims.png HTTP/1.1" 404 1406 
0:0:0:0:0:0:0:1 -  -  [22/11/2016:09:41:55 +0000] "GET /jtrac/app/resources/org.apache.wicket.markup.html.WicketEventReference/wicket-event.js HTTP/1.1" 304 0 
0:0:0:0:0:0:0:1 -  -  [22/11/2016:09:41:55 +0000] "GET /jtrac/resources/logoelims.png HTTP/1.1" 404 1406 
0:0:0:0:0:0:0:1 -  -  [22/11/2016:09:43:23 +0000] "POST /jtrac/app/login/wicket:pageMapName/wicket-0/wicket:interface/wicket-0:0:form::IFormSubmitListener::/ HTTP/1.1" 302 0 
0:0:0:0:0:0:0:1 -  -  [22/11/2016:09:43:23 +0000] "GET /jtrac/app/?wicket:bookmarkablePage=wicket-0:info.jtrac.wicket.DashboardPage HTTP/1.1" 200 10747 
0:0:0:0:0:0:0:1 -  -  [22/11/2016:09:43:24 +0000] "GET /jtrac/resources/logoelims.png HTTP/1.1" 404 1406 
0:0:0:0:0:0:0:1 -  -  [22/11/2016:09:43:24 +0000] "GET /jtrac/resources/logoelims.png HTTP/1.1" 404 1406 
0:0:0:0:0:0:0:1 -  -  [22/11/2016:09:43:26 +0000] "GET /jtrac/app/?wicket:interface=wicket-0:1:header:options::ILinkListener:: HTTP/1.1" 302 0 
0:0:0:0:0:0:0:1 -  -  [22/11/2016:09:43:26 +0000] "GET /jtrac/app/options/wicket:pageMapName/wicket-0/ HTTP/1.1" 200 8017 
0:0:0:0:0:0:0:1 -  -  [22/11/2016:09:43:26 +0000] "GET /jtrac/resources/logoelims.png HTTP/1.1" 404 1406 
0:0:0:0:0:0:0:1 -  -  [22/11/2016:09:43:26 +0000] "GET /jtrac/resources/users.gif HTTP/1.1" 200 1035 
0:0:0:0:0:0:0:1 -  -  [22/11/2016:09:43:26 +0000] "GET /jtrac/resources/spaces.gif HTTP/1.1" 200 598 
0:0:0:0:0:0:0:1 -  -  [22/11/2016:09:43:26 +0000] "GET /jtrac/resources/settings.gif HTTP/1.1" 200 336 
0:0:0:0:0:0:0:1 -  -  [22/11/2016:09:43:26 +0000] "GET /jtrac/resources/refresh.gif HTTP/1.1" 200 605 
0:0:0:0:0:0:0:1 -  -  [22/11/2016:09:43:26 +0000] "GET /jtrac/resources/import.gif HTTP/1.1" 200 614 
0:0:0:0:0:0:0:1 -  -  [22/11/2016:09:43:26 +0000] "GET /jtrac/resources/logoelims.png HTTP/1.1" 404 1406 
0:0:0:0:0:0:0:1 -  -  [22/11/2016:09:43:29 +0000] "GET /jtrac/app/?wicket:interface=wicket-0:2:settings::ILinkListener:: HTTP/1.1" 302 0 
0:0:0:0:0:0:0:1 -  -  [22/11/2016:09:43:29 +0000] "GET /jtrac/app/?wicket:interface=wicket-0:3:::: HTTP/1.1" 200 14635 
0:0:0:0:0:0:0:1 -  -  [22/11/2016:09:43:29 +0000] "GET /jtrac/resources/logoelims.png HTTP/1.1" 404 1406 
0:0:0:0:0:0:0:1 -  -  [22/11/2016:09:43:29 +0000] "GET /jtrac/resources/edit.gif HTTP/1.1" 200 370 
0:0:0:0:0:0:0:1 -  -  [22/11/2016:09:43:29 +0000] "GET /jtrac/resources/logoelims.png HTTP/1.1" 404 1406 
0:0:0:0:0:0:0:1 -  -  [22/11/2016:09:43:37 +0000] "GET /jtrac/app/?wicket:interface=wicket-0:3:configs:9:link::ILinkListener:: HTTP/1.1" 302 0 
0:0:0:0:0:0:0:1 -  -  [22/11/2016:09:43:37 +0000] "GET /jtrac/app/?wicket:interface=wicket-0:4:::: HTTP/1.1" 200 4945 
0:0:0:0:0:0:0:1 -  -  [22/11/2016:09:43:37 +0000] "GET /jtrac/resources/logoelims.png HTTP/1.1" 404 1406 
0:0:0:0:0:0:0:1 -  -  [22/11/2016:09:43:37 +0000] "GET /jtrac/resources/cancel.gif HTTP/1.1" 200 343 
0:0:0:0:0:0:0:1 -  -  [22/11/2016:09:43:37 +0000] "GET /jtrac/resources/logoelims.png HTTP/1.1" 404 1406 
0:0:0:0:0:0:0:1 -  -  [22/11/2016:09:43:40 +0000] "GET /jtrac/app/?wicket:interface=wicket-0:4:form:cancel::ILinkListener:: HTTP/1.1" 302 0 
0:0:0:0:0:0:0:1 -  -  [22/11/2016:09:43:40 +0000] "GET /jtrac/app/?wicket:interface=wicket-0:5:::: HTTP/1.1" 200 14640 
0:0:0:0:0:0:0:1 -  -  [22/11/2016:09:43:40 +0000] "GET /jtrac/resources/logoelims.png HTTP/1.1" 404 1406 
0:0:0:0:0:0:0:1 -  -  [22/11/2016:09:43:40 +0000] "GET /jtrac/resources/logoelims.png HTTP/1.1" 404 1406 
0:0:0:0:0:0:0:1 -  -  [22/11/2016:09:43:46 +0000] "GET /jtrac/app/?wicket:interface=wicket-0:5:configs:10:link::ILinkListener:: HTTP/1.1" 302 0 
0:0:0:0:0:0:0:1 -  -  [22/11/2016:09:43:46 +0000] "GET /jtrac/app/?wicket:interface=wicket-0:6:::: HTTP/1.1" 200 4867 
0:0:0:0:0:0:0:1 -  -  [22/11/2016:09:43:46 +0000] "GET /jtrac/resources/logoelims.png HTTP/1.1" 404 1406 
0:0:0:0:0:0:0:1 -  -  [22/11/2016:09:43:46 +0000] "GET /jtrac/resources/logoelims.png HTTP/1.1" 404 1406 
0:0:0:0:0:0:0:1 -  -  [22/11/2016:09:43:50 +0000] "POST /jtrac/app/?wicket:interface=wicket-0:6:form::IFormSubmitListener:: HTTP/1.1" 302 0 
0:0:0:0:0:0:0:1 -  -  [22/11/2016:09:43:50 +0000] "GET /jtrac/app/?wicket:interface=wicket-0:7:::: HTTP/1.1" 200 14623 
0:0:0:0:0:0:0:1 -  -  [22/11/2016:09:43:50 +0000] "GET /jtrac/resources/jtrac-logo.gif HTTP/1.1" 200 1746 
0:0:0:0:0:0:0:1 -  -  [22/11/2016:09:43:52 +0000] "GET /jtrac/app/?wicket:interface=wicket-0:7:header:logout::ILinkListener:: HTTP/1.1" 302 0 
0:0:0:0:0:0:0:1 -  -  [22/11/2016:09:43:52 +0000] "GET /jtrac/app/logout/wicket:pageMapName/wicket-0/locale/en/ HTTP/1.1" 200 2188 
0:0:0:0:0:0:0:1 -  -  [22/11/2016:09:43:54 +0000] "GET /jtrac/app/logout/wicket:pageMapName/wicket-0/locale/en/ HTTP/1.1" 200 2334 
0:0:0:0:0:0:0:1 -  -  [22/11/2016:09:43:54 +0000] "GET /jtrac/resources/jtrac.css HTTP/1.1" 304 0 
0:0:0:0:0:0:0:1 -  -  [22/11/2016:09:43:55 +0000] "GET /jtrac/resources/jtrac-logo.gif HTTP/1.1" 304 0 
0:0:0:0:0:0:0:1 -  -  [22/11/2016:09:44:00 +0000] "GET /jtrac/app/login HTTP/1.1" 200 3393 
0:0:0:0:0:0:0:1 -  -  [22/11/2016:09:45:19 +0000] "POST /jtrac/app/login/wicket:interface/:2:form::IFormSubmitListener::/ HTTP/1.1" 302 0 
0:0:0:0:0:0:0:1 -  -  [22/11/2016:09:45:19 +0000] "GET /jtrac/app/ HTTP/1.1" 200 10674 
0:0:0:0:0:0:0:1 -  -  [22/11/2016:09:45:21 +0000] "GET /jtrac/app/?wicket:interface=:3:header:options::ILinkListener:: HTTP/1.1" 302 0 
0:0:0:0:0:0:0:1 -  -  [22/11/2016:09:45:21 +0000] "GET /jtrac/app/options HTTP/1.1" 200 7702 
0:0:0:0:0:0:0:1 -  -  [22/11/2016:09:45:24 +0000] "GET /jtrac/app/options?wicket:interface=:4:settings::ILinkListener:: HTTP/1.1" 302 0 
0:0:0:0:0:0:0:1 -  -  [22/11/2016:09:45:24 +0000] "GET /jtrac/app/?wicket:interface=:5:::: HTTP/1.1" 200 14444 
0:0:0:0:0:0:0:1 -  -  [22/11/2016:09:45:27 +0000] "GET /jtrac/app/?wicket:interface=:5:configs:11:link::ILinkListener:: HTTP/1.1" 302 0 
0:0:0:0:0:0:0:1 -  -  [22/11/2016:09:45:27 +0000] "GET /jtrac/app/?wicket:interface=:6:::: HTTP/1.1" 200 4811 
0:0:0:0:0:0:0:1 -  -  [22/11/2016:09:45:33 +0000] "POST /jtrac/app/?wicket:interface=:6:form::IFormSubmitListener:: HTTP/1.1" 302 0 
0:0:0:0:0:0:0:1 -  -  [22/11/2016:09:45:34 +0000] "GET /jtrac/app/?wicket:interface=:7:::: HTTP/1.1" 200 14433 
0:0:0:0:0:0:0:1 -  -  [22/11/2016:09:45:36 +0000] "GET /jtrac/app/?wicket:interface=:7:header:dashboard::ILinkListener:: HTTP/1.1" 302 0 
0:0:0:0:0:0:0:1 -  -  [22/11/2016:09:45:36 +0000] "GET /jtrac/app/ HTTP/1.1" 200 10666 
0:0:0:0:0:0:0:1 -  -  [22/11/2016:09:45:39 +0000] "GET /jtrac/app/item/list?s=1&status=in_1_2_3_4&cusInt02=in_11 HTTP/1.1" 200 9554 
0:0:0:0:0:0:0:1 -  -  [22/11/2016:09:45:39 +0000] "GET /jtrac/resources/excel.gif HTTP/1.1" 200 625 
0:0:0:0:0:0:0:1 -  -  [22/11/2016:09:45:39 +0000] "GET /jtrac/resources/arrow_down.gif HTTP/1.1" 200 64 
0:0:0:0:0:0:0:1 -  -  [22/11/2016:09:45:42 +0000] "GET /jtrac/app/?wicket:interface=:8:table:dashboardRows:0:dashboardRow:total::ILinkListener:: HTTP/1.1" 302 0 
0:0:0:0:0:0:0:1 -  -  [22/11/2016:09:45:42 +0000] "GET /jtrac/app/item/list?s=1 HTTP/1.1" 200 39065 
0:0:0:0:0:0:0:1 -  -  [22/11/2016:09:45:43 +0000] "GET /jtrac/resources/space.gif HTTP/1.1" 200 1046 
0:0:0:0:0:0:0:1 -  -  [22/11/2016:10:09:30 +0000] "GET /jtrac/app/ HTTP/1.1" 302 0 
0:0:0:0:0:0:0:1 -  -  [22/11/2016:10:09:30 +0000] "GET /jtrac/app/login HTTP/1.1" 200 3385 
0:0:0:0:0:0:0:1 -  -  [22/11/2016:10:09:31 +0000] "GET /jtrac/resources/jtrac.css HTTP/1.1" 304 0 
0:0:0:0:0:0:0:1 -  -  [22/11/2016:10:09:31 +0000] "GET /jtrac/resources/logo-jtrac.PNG HTTP/1.1" 200 3870 
0:0:0:0:0:0:0:1 -  -  [22/11/2016:10:09:31 +0000] "GET /jtrac/app/resources/org.apache.wicket.markup.html.WicketEventReference/wicket-event.js HTTP/1.1" 304 0 
0:0:0:0:0:0:0:1 -  -  [22/11/2016:10:12:57 +0000] "GET /jtrac/app/?wicket:bookmarkablePage=wicket-0:info.jtrac.wicket.DashboardPage HTTP/1.1" 302 0 
0:0:0:0:0:0:0:1 -  -  [22/11/2016:10:12:57 +0000] "GET /jtrac/app/login/wicket:pageMapName/wicket-0/ HTTP/1.1" 200 3460 
0:0:0:0:0:0:0:1 -  -  [22/11/2016:10:12:57 +0000] "GET /jtrac/resources/logo-jtrac.PNG HTTP/1.1" 304 0 
0:0:0:0:0:0:0:1 -  -  [22/11/2016:10:21:41 +0000] "GET /jtrac/resources/logo-jtrac.PNG HTTP/1.1" 304 0 
0:0:0:0:0:0:0:1 -  -  [22/11/2016:10:27:33 +0000] "GET /jtrac/app/login/wicket:pageMapName/wicket-0/ HTTP/1.1" 200 3589 
0:0:0:0:0:0:0:1 -  -  [22/11/2016:10:27:33 +0000] "GET /jtrac/resources/jtrac.css HTTP/1.1" 304 0 
0:0:0:0:0:0:0:1 -  -  [22/11/2016:10:27:33 +0000] "GET /jtrac/app/resources/org.apache.wicket.markup.html.WicketEventReference/wicket-event.js HTTP/1.1" 304 0 
0:0:0:0:0:0:0:1 -  -  [22/11/2016:10:27:33 +0000] "GET /jtrac/resources/logo-jtrac.PNG HTTP/1.1" 304 0 
0:0:0:0:0:0:0:1 -  -  [22/11/2016:10:27:40 +0000] "GET /jtrac/app/login/wicket:pageMapName/wicket-1/ HTTP/1.1" 200 3460 
0:0:0:0:0:0:0:1 -  -  [22/11/2016:10:29:28 +0000] "GET /jtrac/app/login HTTP/1.1" 200 3385 
0:0:0:0:0:0:0:1 -  -  [22/11/2016:10:29:28 +0000] "GET /jtrac/resources/jtrac.css HTTP/1.1" 200 4348 
0:0:0:0:0:0:0:1 -  -  [22/11/2016:10:29:28 +0000] "GET /jtrac/app/resources/org.apache.wicket.markup.html.WicketEventReference/wicket-event.js HTTP/1.1" 200 2281 
0:0:0:0:0:0:0:1 -  -  [22/11/2016:10:29:28 +0000] "GET /jtrac/resources/logo-jtrac.PNG HTTP/1.1" 200 2928 
0:0:0:0:0:0:0:1 -  -  [22/11/2016:10:44:42 +0000] "GET /jtrac/app/login/wicket:pageMapName/wicket-1/ HTTP/1.1" 200 3460 
0:0:0:0:0:0:0:1 -  -  [22/11/2016:10:44:42 +0000] "GET /jtrac/resources/jtrac.css HTTP/1.1" 200 4402 
0:0:0:0:0:0:0:1 -  -  [22/11/2016:10:44:42 +0000] "GET /jtrac/app/resources/org.apache.wicket.markup.html.WicketEventReference/wicket-event.js HTTP/1.1" 200 2281 
0:0:0:0:0:0:0:1 -  -  [22/11/2016:10:44:42 +0000] "GET /jtrac/resources/logo-jtrac.PNG HTTP/1.1" 200 2928 
0:0:0:0:0:0:0:1 -  -  [22/11/2016:10:45:44 +0000] "GET /jtrac/app/login/wicket:pageMapName/wicket-1/ HTTP/1.1" 200 3460 
0:0:0:0:0:0:0:1 -  -  [22/11/2016:10:45:44 +0000] "GET /jtrac/resources/jtrac.css HTTP/1.1" 200 4402 
0:0:0:0:0:0:0:1 -  -  [22/11/2016:10:45:44 +0000] "GET /jtrac/resources/logo-jtrac.PNG HTTP/1.1" 200 2928 
127.0.0.1 -  -  [22/11/2016:10:45:44 +0000] "GET /jtrac/app/resources/org.apache.wicket.markup.html.WicketEventReference/wicket-event.js HTTP/1.1" 200 2281 
127.0.0.1 -  -  [22/11/2016:10:45:46 +0000] "GET /jtrac/app/login/wicket:pageMapName/wicket-1/ HTTP/1.1" 200 3589 
127.0.0.1 -  -  [22/11/2016:10:45:46 +0000] "GET /jtrac/resources/jtrac.css HTTP/1.1" 304 0 
127.0.0.1 -  -  [22/11/2016:10:45:46 +0000] "GET /jtrac/resources/logo-jtrac.PNG HTTP/1.1" 304 0 
0:0:0:0:0:0:0:1 -  -  [22/11/2016:10:45:46 +0000] "GET /jtrac/app/resources/org.apache.wicket.markup.html.WicketEventReference/wicket-event.js HTTP/1.1" 304 0 
0:0:0:0:0:0:0:1 -  -  [22/11/2016:10:46:38 +0000] "GET /jtrac/app/?wicket:bookmarkablePage=wicket-0:info.jtrac.wicket.DashboardPage HTTP/1.1" 302 0 
0:0:0:0:0:0:0:1 -  -  [22/11/2016:10:46:38 +0000] "GET /jtrac/app/login/wicket:pageMapName/wicket-0/ HTTP/1.1" 200 3460 
0:0:0:0:0:0:0:1 -  -  [22/11/2016:10:46:38 +0000] "GET /jtrac/resources/jtrac.css HTTP/1.1" 304 0 
