0:0:0:0:0:0:0:1 -  -  [23/08/2016:12:29:19 +0000] "GET /jtrac/app/?wicket:bookmarkablePage=wicket-0:info.jtrac.wicket.DashboardPage HTTP/1.1" 302 0 
0:0:0:0:0:0:0:1 -  -  [23/08/2016:12:29:19 +0000] "GET /jtrac/app/login/wicket:pageMapName/wicket-0/ HTTP/1.1" 200 3467 
0:0:0:0:0:0:0:1 -  -  [23/08/2016:12:29:19 +0000] "GET /jtrac/resources/jtrac.css HTTP/1.1" 200 4348 
0:0:0:0:0:0:0:1 -  -  [23/08/2016:12:29:19 +0000] "GET /jtrac/resources/logoelims.png HTTP/1.1" 404 1406 
0:0:0:0:0:0:0:1 -  -  [23/08/2016:12:29:19 +0000] "GET /jtrac/app/resources/org.apache.wicket.markup.html.WicketEventReference/wicket-event.js HTTP/1.1" 304 0 
0:0:0:0:0:0:0:1 -  -  [23/08/2016:12:29:20 +0000] "GET /jtrac/resources/logoelims.png HTTP/1.1" 404 1406 
0:0:0:0:0:0:0:1 -  -  [23/08/2016:12:29:24 +0000] "POST /jtrac/app/login/wicket:pageMapName/wicket-0/wicket:interface/wicket-0:0:form::IFormSubmitListener::/ HTTP/1.1" 302 0 
0:0:0:0:0:0:0:1 -  -  [23/08/2016:12:29:25 +0000] "GET /jtrac/app/?wicket:bookmarkablePage=wicket-0:info.jtrac.wicket.DashboardPage HTTP/1.1" 200 10756 
0:0:0:0:0:0:0:1 -  -  [23/08/2016:12:29:25 +0000] "GET /jtrac/resources/jtrac.css HTTP/1.1" 304 0 
0:0:0:0:0:0:0:1 -  -  [23/08/2016:12:29:25 +0000] "GET /jtrac/resources/logoelims.png HTTP/1.1" 404 1406 
0:0:0:0:0:0:0:1 -  -  [23/08/2016:12:29:25 +0000] "GET /jtrac/resources/dashboard.gif HTTP/1.1" 200 603 
0:0:0:0:0:0:0:1 -  -  [23/08/2016:12:29:25 +0000] "GET /jtrac/resources/logout.gif HTTP/1.1" 200 1069 
0:0:0:0:0:0:0:1 -  -  [23/08/2016:12:29:25 +0000] "GET /jtrac/resources/new.gif HTTP/1.1" 200 368 
0:0:0:0:0:0:0:1 -  -  [23/08/2016:12:29:25 +0000] "GET /jtrac/resources/search.gif HTTP/1.1" 200 1023 
0:0:0:0:0:0:0:1 -  -  [23/08/2016:12:29:25 +0000] "GET /jtrac/resources/user.gif HTTP/1.1" 200 577 
0:0:0:0:0:0:0:1 -  -  [23/08/2016:12:29:25 +0000] "GET /jtrac/resources/options.gif HTTP/1.1" 200 225 
0:0:0:0:0:0:0:1 -  -  [23/08/2016:12:29:25 +0000] "GET /jtrac/resources/collapsed.gif HTTP/1.1" 200 354 
0:0:0:0:0:0:0:1 -  -  [23/08/2016:12:29:25 +0000] "GET /jtrac/resources/logoelims.png HTTP/1.1" 404 1406 
0:0:0:0:0:0:0:1 -  -  [23/08/2016:12:29:25 +0000] "GET /jtrac/resources/link.png HTTP/1.1" 200 313 
0:0:0:0:0:0:0:1 -  -  [23/08/2016:13:01:03 +0000] "GET /jtrac/app/ HTTP/1.1" 302 0 
0:0:0:0:0:0:0:1 -  -  [23/08/2016:13:01:03 +0000] "GET /jtrac/app/login HTTP/1.1" 200 3392 
0:0:0:0:0:0:0:1 -  -  [23/08/2016:13:01:03 +0000] "GET /jtrac/resources/jtrac.css HTTP/1.1" 304 0 
0:0:0:0:0:0:0:1 -  -  [23/08/2016:13:01:03 +0000] "GET /jtrac/resources/logoelims.png HTTP/1.1" 404 1406 
0:0:0:0:0:0:0:1 -  -  [23/08/2016:13:01:03 +0000] "GET /jtrac/app/resources/org.apache.wicket.markup.html.WicketEventReference/wicket-event.js HTTP/1.1" 304 0 
0:0:0:0:0:0:0:1 -  -  [23/08/2016:13:01:03 +0000] "GET /jtrac/resources/logoelims.png HTTP/1.1" 404 1406 
0:0:0:0:0:0:0:1 -  -  [23/08/2016:13:01:09 +0000] "POST /jtrac/app/login/wicket:interface/:0:form::IFormSubmitListener::/ HTTP/1.1" 302 0 
0:0:0:0:0:0:0:1 -  -  [23/08/2016:13:01:09 +0000] "GET /jtrac/app/ HTTP/1.1" 200 10682 
0:0:0:0:0:0:0:1 -  -  [23/08/2016:13:01:09 +0000] "GET /jtrac/resources/logoelims.png HTTP/1.1" 404 1406 
0:0:0:0:0:0:0:1 -  -  [23/08/2016:13:01:09 +0000] "GET /jtrac/resources/dashboard.gif HTTP/1.1" 304 0 
0:0:0:0:0:0:0:1 -  -  [23/08/2016:13:01:09 +0000] "GET /jtrac/resources/search.gif HTTP/1.1" 304 0 
0:0:0:0:0:0:0:1 -  -  [23/08/2016:13:01:09 +0000] "GET /jtrac/resources/options.gif HTTP/1.1" 304 0 
0:0:0:0:0:0:0:1 -  -  [23/08/2016:13:01:09 +0000] "GET /jtrac/resources/logout.gif HTTP/1.1" 304 0 
0:0:0:0:0:0:0:1 -  -  [23/08/2016:13:01:09 +0000] "GET /jtrac/resources/new.gif HTTP/1.1" 304 0 
0:0:0:0:0:0:0:1 -  -  [23/08/2016:13:01:09 +0000] "GET /jtrac/resources/user.gif HTTP/1.1" 304 0 
0:0:0:0:0:0:0:1 -  -  [23/08/2016:13:01:09 +0000] "GET /jtrac/resources/collapsed.gif HTTP/1.1" 304 0 
0:0:0:0:0:0:0:1 -  -  [23/08/2016:13:01:09 +0000] "GET /jtrac/resources/logoelims.png HTTP/1.1" 404 1406 
0:0:0:0:0:0:0:1 -  -  [23/08/2016:13:01:09 +0000] "GET /jtrac/resources/link.png HTTP/1.1" 304 0 
0:0:0:0:0:0:0:1 -  -  [23/08/2016:13:33:19 +0000] "GET /jtrac/app/?wicket:interface=:1:header:dashboard::ILinkListener:: HTTP/1.1" 404 1467 
0:0:0:0:0:0:0:1 -  -  [23/08/2016:13:33:19 +0000] "GET /favicon.ico HTTP/1.1" 200 1150 
0:0:0:0:0:0:0:1 -  -  [23/08/2016:13:33:21 +0000] "GET /jtrac/app/ HTTP/1.1" 302 0 
0:0:0:0:0:0:0:1 -  -  [23/08/2016:13:33:21 +0000] "GET /jtrac/app/login HTTP/1.1" 200 3392 
0:0:0:0:0:0:0:1 -  -  [23/08/2016:13:33:21 +0000] "GET /jtrac/resources/jtrac.css HTTP/1.1" 304 0 
0:0:0:0:0:0:0:1 -  -  [23/08/2016:13:33:21 +0000] "GET /jtrac/resources/logoelims.png HTTP/1.1" 404 1406 
0:0:0:0:0:0:0:1 -  -  [23/08/2016:13:33:21 +0000] "GET /jtrac/resources/logoelims.png HTTP/1.1" 404 1406 
0:0:0:0:0:0:0:1 -  -  [23/08/2016:13:44:38 +0000] "POST /jtrac/app/login/wicket:interface/:1:form::IFormSubmitListener::/ HTTP/1.1" 302 0 
0:0:0:0:0:0:0:1 -  -  [23/08/2016:13:44:38 +0000] "GET /jtrac/app/ HTTP/1.1" 200 10682 
0:0:0:0:0:0:0:1 -  -  [23/08/2016:13:44:39 +0000] "GET /jtrac/resources/jtrac.css HTTP/1.1" 304 0 
0:0:0:0:0:0:0:1 -  -  [23/08/2016:13:44:39 +0000] "GET /jtrac/resources/logoelims.png HTTP/1.1" 404 1406 
0:0:0:0:0:0:0:1 -  -  [23/08/2016:13:44:39 +0000] "GET /jtrac/app/resources/org.apache.wicket.ajax.WicketAjaxReference/wicket-ajax.js HTTP/1.1" 304 0 
0:0:0:0:0:0:0:1 -  -  [23/08/2016:13:44:39 +0000] "GET /jtrac/resources/dashboard.gif HTTP/1.1" 304 0 
0:0:0:0:0:0:0:1 -  -  [23/08/2016:13:44:39 +0000] "GET /jtrac/resources/search.gif HTTP/1.1" 304 0 
0:0:0:0:0:0:0:1 -  -  [23/08/2016:13:44:39 +0000] "GET /jtrac/resources/options.gif HTTP/1.1" 304 0 
0:0:0:0:0:0:0:1 -  -  [23/08/2016:13:44:39 +0000] "GET /jtrac/resources/logout.gif HTTP/1.1" 304 0 
0:0:0:0:0:0:0:1 -  -  [23/08/2016:13:44:39 +0000] "GET /jtrac/resources/user.gif HTTP/1.1" 304 0 
0:0:0:0:0:0:0:1 -  -  [23/08/2016:13:44:39 +0000] "GET /jtrac/resources/collapsed.gif HTTP/1.1" 304 0 
0:0:0:0:0:0:0:1 -  -  [23/08/2016:13:44:39 +0000] "GET /jtrac/resources/new.gif HTTP/1.1" 304 0 
0:0:0:0:0:0:0:1 -  -  [23/08/2016:13:44:39 +0000] "GET /jtrac/app/resources/org.apache.wicket.ajax.AbstractDefaultAjaxBehavior/indicator.gif HTTP/1.1" 304 0 
0:0:0:0:0:0:0:1 -  -  [23/08/2016:13:44:39 +0000] "GET /jtrac/resources/logoelims.png HTTP/1.1" 404 1406 
0:0:0:0:0:0:0:1 -  -  [23/08/2016:13:44:39 +0000] "GET /jtrac/resources/link.png HTTP/1.1" 304 0 
