0:0:0:0:0:0:0:1 -  -  [29/11/2016:08:17:10 +0000] "GET / HTTP/1.1" 404 778 
0:0:0:0:0:0:0:1 -  -  [29/11/2016:08:17:12 +0000] "GET /jtrac HTTP/1.1" 302 0 
0:0:0:0:0:0:0:1 -  -  [29/11/2016:08:17:12 +0000] "GET /jtrac/ HTTP/1.1" 200 75 
0:0:0:0:0:0:0:1 -  -  [29/11/2016:08:17:12 +0000] "GET /jtrac/app/ HTTP/1.1" 302 0 
0:0:0:0:0:0:0:1 -  -  [29/11/2016:08:17:12 +0000] "GET /jtrac/app/login;jsessionid=ya6bv99klg8z HTTP/1.1" 200 2686 
0:0:0:0:0:0:0:1 -  -  [29/11/2016:08:17:13 +0000] "GET /jtrac/resources/jtrac.css HTTP/1.1" 200 4402 
0:0:0:0:0:0:0:1 -  -  [29/11/2016:08:17:13 +0000] "GET /jtrac/resources/logo-jtrac.PNG HTTP/1.1" 200 2928 
0:0:0:0:0:0:0:1 -  -  [29/11/2016:08:17:13 +0000] "GET /jtrac/app/resources/org.apache.wicket.markup.html.WicketEventReference/wicket-event.js HTTP/1.1" 304 0 
0:0:0:0:0:0:0:1 -  -  [29/11/2016:08:17:18 +0000] "POST /jtrac/app/login/wicket:interface/:0:form::IFormSubmitListener::/ HTTP/1.1" 302 0 
0:0:0:0:0:0:0:1 -  -  [29/11/2016:08:17:18 +0000] "GET /jtrac/app/?wicket:interface=:1:::: HTTP/1.1" 200 2774 
0:0:0:0:0:0:0:1 -  -  [29/11/2016:08:17:18 +0000] "GET /jtrac/resources/error.gif HTTP/1.1" 200 610 
0:0:0:0:0:0:0:1 -  -  [29/11/2016:08:17:31 +0000] "POST /jtrac/app/login/wicket:interface/:1:form::IFormSubmitListener::/ HTTP/1.1" 302 0 
0:0:0:0:0:0:0:1 -  -  [29/11/2016:08:17:31 +0000] "GET /jtrac/app/?wicket:interface=:1:::: HTTP/1.1" 200 2774 
0:0:0:0:0:0:0:1 -  -  [29/11/2016:08:17:57 +0000] "POST /jtrac/app/login/wicket:interface/:1:form::IFormSubmitListener::/ HTTP/1.1" 302 0 
0:0:0:0:0:0:0:1 -  -  [29/11/2016:08:17:57 +0000] "GET /jtrac/app/ HTTP/1.1" 200 2802 
0:0:0:0:0:0:0:1 -  -  [29/11/2016:08:17:57 +0000] "GET /jtrac/resources/dashboard.gif HTTP/1.1" 200 603 
0:0:0:0:0:0:0:1 -  -  [29/11/2016:08:17:58 +0000] "GET /jtrac/resources/options.gif HTTP/1.1" 200 225 
0:0:0:0:0:0:0:1 -  -  [29/11/2016:08:17:58 +0000] "GET /jtrac/resources/logout.gif HTTP/1.1" 200 1069 
0:0:0:0:0:0:0:1 -  -  [29/11/2016:08:17:58 +0000] "GET /jtrac/resources/user.gif HTTP/1.1" 200 577 
0:0:0:0:0:0:0:1 -  -  [29/11/2016:08:17:58 +0000] "GET /jtrac/resources/link.png HTTP/1.1" 200 313 
0:0:0:0:0:0:0:1 -  -  [29/11/2016:08:18:05 +0000] "GET /jtrac/app/?wicket:interface=:2:header:dashboard::ILinkListener:: HTTP/1.1" 302 0 
0:0:0:0:0:0:0:1 -  -  [29/11/2016:08:18:05 +0000] "GET /jtrac/app/ HTTP/1.1" 200 2802 
0:0:0:0:0:0:0:1 -  -  [29/11/2016:08:18:07 +0000] "GET /jtrac/app/?wicket:interface=:3:header:options::ILinkListener:: HTTP/1.1" 302 0 
0:0:0:0:0:0:0:1 -  -  [29/11/2016:08:18:07 +0000] "GET /jtrac/app/options HTTP/1.1" 200 5789 
0:0:0:0:0:0:0:1 -  -  [29/11/2016:08:18:07 +0000] "GET /jtrac/resources/search.gif HTTP/1.1" 200 1023 
0:0:0:0:0:0:0:1 -  -  [29/11/2016:08:18:07 +0000] "GET /jtrac/resources/users.gif HTTP/1.1" 200 1035 
0:0:0:0:0:0:0:1 -  -  [29/11/2016:08:18:07 +0000] "GET /jtrac/resources/spaces.gif HTTP/1.1" 200 598 
0:0:0:0:0:0:0:1 -  -  [29/11/2016:08:18:07 +0000] "GET /jtrac/resources/import.gif HTTP/1.1" 200 614 
0:0:0:0:0:0:0:1 -  -  [29/11/2016:08:18:07 +0000] "GET /jtrac/resources/settings.gif HTTP/1.1" 200 336 
0:0:0:0:0:0:0:1 -  -  [29/11/2016:08:18:07 +0000] "GET /jtrac/resources/refresh.gif HTTP/1.1" 200 605 
0:0:0:0:0:0:0:1 -  -  [29/11/2016:08:18:10 +0000] "GET /jtrac/app/options?wicket:interface=:4:spaces::ILinkListener:: HTTP/1.1" 302 0 
0:0:0:0:0:0:0:1 -  -  [29/11/2016:08:18:10 +0000] "GET /jtrac/app/?wicket:interface=:5:::: HTTP/1.1" 200 3100 
0:0:0:0:0:0:0:1 -  -  [29/11/2016:08:18:11 +0000] "GET /jtrac/app/?wicket:interface=:5:create::ILinkListener:: HTTP/1.1" 302 0 
0:0:0:0:0:0:0:1 -  -  [29/11/2016:08:18:11 +0000] "GET /jtrac/app/?wicket:interface=:6:::: HTTP/1.1" 200 5836 
0:0:0:0:0:0:0:1 -  -  [29/11/2016:08:18:11 +0000] "GET /jtrac/resources/cancel.gif HTTP/1.1" 200 343 
0:0:0:0:0:0:0:1 -  -  [29/11/2016:08:18:18 +0000] "POST /jtrac/app/?wicket:interface=:6:form::IFormSubmitListener:: HTTP/1.1" 302 0 
0:0:0:0:0:0:0:1 -  -  [29/11/2016:08:18:18 +0000] "GET /jtrac/app/?wicket:interface=:7:::: HTTP/1.1" 200 4304 
0:0:0:0:0:0:0:1 -  -  [29/11/2016:08:18:24 +0000] "POST /jtrac/app/?wicket:interface=:7:form::IFormSubmitListener:: HTTP/1.1" 302 0 
0:0:0:0:0:0:0:1 -  -  [29/11/2016:08:18:24 +0000] "GET /jtrac/app/?wicket:interface=:8:::: HTTP/1.1" 200 4312 
0:0:0:0:0:0:0:1 -  -  [29/11/2016:08:18:32 +0000] "POST /jtrac/app/?wicket:interface=:8:form::IFormSubmitListener:: HTTP/1.1" 302 0 
0:0:0:0:0:0:0:1 -  -  [29/11/2016:08:18:32 +0000] "GET /jtrac/app/?wicket:interface=:9:::: HTTP/1.1" 200 5054 
0:0:0:0:0:0:0:1 -  -  [29/11/2016:08:18:32 +0000] "GET /jtrac/resources/up.gif HTTP/1.1" 200 537 
0:0:0:0:0:0:0:1 -  -  [29/11/2016:08:18:32 +0000] "GET /jtrac/resources/down.gif HTTP/1.1" 200 538 
0:0:0:0:0:0:0:1 -  -  [29/11/2016:08:18:32 +0000] "GET /jtrac/resources/edit.gif HTTP/1.1" 200 370 
0:0:0:0:0:0:0:1 -  -  [29/11/2016:08:18:36 +0000] "POST /jtrac/app/?wicket:interface=:9:form::IFormSubmitListener:: HTTP/1.1" 302 0 
0:0:0:0:0:0:0:1 -  -  [29/11/2016:08:18:36 +0000] "GET /jtrac/app/?wicket:interface=:10:::: HTTP/1.1" 200 4323 
0:0:0:0:0:0:0:1 -  -  [29/11/2016:08:18:40 +0000] "POST /jtrac/app/?wicket:interface=:10:form::IFormSubmitListener:: HTTP/1.1" 302 0 
0:0:0:0:0:0:0:1 -  -  [29/11/2016:08:18:40 +0000] "GET /jtrac/app/?wicket:interface=:11:::: HTTP/1.1" 200 5786 
0:0:0:0:0:0:0:1 -  -  [29/11/2016:08:18:51 +0000] "POST /jtrac/app/?wicket:interface=:11:form::IFormSubmitListener:: HTTP/1.1" 302 0 
0:0:0:0:0:0:0:1 -  -  [29/11/2016:08:18:51 +0000] "GET /jtrac/app/?wicket:interface=:12:::: HTTP/1.1" 200 4086 
0:0:0:0:0:0:0:1 -  -  [29/11/2016:08:18:52 +0000] "POST /jtrac/app/?wicket:interface=:12:form::IFormSubmitListener:: HTTP/1.1" 302 0 
0:0:0:0:0:0:0:1 -  -  [29/11/2016:08:18:52 +0000] "GET /jtrac/app/?wicket:interface=:13:::: HTTP/1.1" 200 5042 
0:0:0:0:0:0:0:1 -  -  [29/11/2016:08:18:55 +0000] "POST /jtrac/app/?wicket:interface=:13:form::IFormSubmitListener:: HTTP/1.1" 302 0 
0:0:0:0:0:0:0:1 -  -  [29/11/2016:08:18:55 +0000] "GET /jtrac/app/?wicket:interface=:14:::: HTTP/1.1" 200 4322 
0:0:0:0:0:0:0:1 -  -  [29/11/2016:08:18:59 +0000] "POST /jtrac/app/?wicket:interface=:14:form::IFormSubmitListener:: HTTP/1.1" 302 0 
0:0:0:0:0:0:0:1 -  -  [29/11/2016:08:18:59 +0000] "GET /jtrac/app/?wicket:interface=:15:::: HTTP/1.1" 200 5787 
0:0:0:0:0:0:0:1 -  -  [29/11/2016:08:19:00 +0000] "POST /jtrac/app/?wicket:interface=:15:form::IFormSubmitListener:: HTTP/1.1" 302 0 
0:0:0:0:0:0:0:1 -  -  [29/11/2016:08:19:00 +0000] "GET /jtrac/app/?wicket:interface=:16:::: HTTP/1.1" 200 8926 
0:0:0:0:0:0:0:1 -  -  [29/11/2016:08:19:00 +0000] "GET /jtrac/resources/field-mandatory.gif HTTP/1.1" 200 216 
0:0:0:0:0:0:0:1 -  -  [29/11/2016:08:19:00 +0000] "GET /jtrac/resources/field-optional.gif HTTP/1.1" 200 157 
0:0:0:0:0:0:0:1 -  -  [29/11/2016:08:19:00 +0000] "GET /jtrac/resources/field-readonly.gif HTTP/1.1" 200 161 
0:0:0:0:0:0:0:1 -  -  [29/11/2016:08:19:00 +0000] "GET /jtrac/resources/add.gif HTTP/1.1" 200 192 
0:0:0:0:0:0:0:1 -  -  [29/11/2016:08:19:00 +0000] "GET /jtrac/resources/status-green.gif HTTP/1.1" 200 965 
0:0:0:0:0:0:0:1 -  -  [29/11/2016:08:19:00 +0000] "GET /jtrac/resources/status-grey.gif HTTP/1.1" 200 361 
0:0:0:0:0:0:0:1 -  -  [29/11/2016:08:19:02 +0000] "POST /jtrac/app/?wicket:interface=:16:form::IFormSubmitListener:: HTTP/1.1" 302 0 
0:0:0:0:0:0:0:1 -  -  [29/11/2016:08:19:02 +0000] "GET /jtrac/app/?wicket:interface=:17:::: HTTP/1.1" 200 5013 
0:0:0:0:0:0:0:1 -  -  [29/11/2016:08:19:02 +0000] "GET /jtrac/app/resources/org.apache.wicket.ajax.WicketAjaxReference/wicket-ajax.js HTTP/1.1" 200 9621 
0:0:0:0:0:0:0:1 -  -  [29/11/2016:08:19:04 +0000] "POST /jtrac/app/?wicket:interface=:17:form::IFormSubmitListener:: HTTP/1.1" 302 0 
0:0:0:0:0:0:0:1 -  -  [29/11/2016:08:19:04 +0000] "GET /jtrac/app/?wicket:interface=:18:::: HTTP/1.1" 200 5584 
0:0:0:0:0:0:0:1 -  -  [29/11/2016:08:19:04 +0000] "GET /jtrac/resources/delete.gif HTTP/1.1" 200 237 
0:0:0:0:0:0:0:1 -  -  [29/11/2016:08:19:06 +0000] "GET /jtrac/app/?wicket:interface=:18:header:dashboard::ILinkListener:: HTTP/1.1" 302 0 
0:0:0:0:0:0:0:1 -  -  [29/11/2016:08:19:06 +0000] "GET /jtrac/app/ HTTP/1.1" 200 5996 
0:0:0:0:0:0:0:1 -  -  [29/11/2016:08:19:06 +0000] "GET /jtrac/resources/new.gif HTTP/1.1" 200 368 
0:0:0:0:0:0:0:1 -  -  [29/11/2016:08:19:06 +0000] "GET /jtrac/resources/collapsed.gif HTTP/1.1" 200 354 
0:0:0:0:0:0:0:1 -  -  [29/11/2016:08:19:06 +0000] "GET /jtrac/app/resources/org.apache.wicket.ajax.AbstractDefaultAjaxBehavior/indicator.gif HTTP/1.1" 200 1553 
0:0:0:0:0:0:0:1 -  -  [29/11/2016:08:19:08 +0000] "GET /jtrac/app/?wicket:interface=:19:table:dashboardRows:0:dashboardRow:new::ILinkListener:: HTTP/1.1" 302 0 
0:0:0:0:0:0:0:1 -  -  [29/11/2016:08:19:08 +0000] "GET /jtrac/app/item/form HTTP/1.1" 200 7783 
0:0:0:0:0:0:0:1 -  -  [29/11/2016:08:19:08 +0000] "GET /jtrac/resources/space.gif HTTP/1.1" 200 1046 
0:0:0:0:0:0:0:1 -  -  [29/11/2016:08:19:48 +0000] "POST /jtrac/app/?wicket:interface=:20:form::IFormSubmitListener:: HTTP/1.1" 302 0 
0:0:0:0:0:0:0:1 -  -  [29/11/2016:08:19:48 +0000] "GET /jtrac/app/item/FOO-1/ HTTP/1.1" 200 10134 
0:0:0:0:0:0:0:1 -  -  [29/11/2016:08:19:53 +0000] "GET /jtrac/app/?wicket:interface=:21:header:new::ILinkListener:: HTTP/1.1" 302 0 
0:0:0:0:0:0:0:1 -  -  [29/11/2016:08:19:53 +0000] "GET /jtrac/app/item/form HTTP/1.1" 200 7783 
0:0:0:0:0:0:0:1 -  -  [29/11/2016:08:20:09 +0000] "POST /jtrac/app/?wicket:interface=:22:form::IFormSubmitListener:: HTTP/1.1" 302 0 
0:0:0:0:0:0:0:1 -  -  [29/11/2016:08:20:09 +0000] "GET /jtrac/app/item/FOO-2/ HTTP/1.1" 200 10134 
0:0:0:0:0:0:0:1 -  -  [29/11/2016:08:20:11 +0000] "GET /jtrac/app/?wicket:interface=:23:header:dashboard::ILinkListener:: HTTP/1.1" 302 0 
0:0:0:0:0:0:0:1 -  -  [29/11/2016:08:20:12 +0000] "GET /jtrac/app/ HTTP/1.1" 200 5996 
0:0:0:0:0:0:0:1 -  -  [29/11/2016:08:20:13 +0000] "GET /jtrac/app/?wicket:interface=:24:header:search::ILinkListener:: HTTP/1.1" 302 0 
0:0:0:0:0:0:0:1 -  -  [29/11/2016:08:20:13 +0000] "GET /jtrac/app/item/search HTTP/1.1" 200 15227 
0:0:0:0:0:0:0:1 -  -  [29/11/2016:08:20:17 +0000] "POST /jtrac/app/?wicket:interface=:25:panel:form:columns:1:expression::IBehaviorListener:1:1&random=0.026074800540418552 HTTP/1.1" 200 282 
0:0:0:0:0:0:0:1 -  -  [29/11/2016:08:20:23 +0000] "POST /jtrac/app/?wicket:interface=:25:panel:form::IFormSubmitListener:: HTTP/1.1" 302 0 
0:0:0:0:0:0:0:1 -  -  [29/11/2016:08:20:23 +0000] "GET /jtrac/app/item/list?summary=like_foo&s=1 HTTP/1.1" 200 7573 
0:0:0:0:0:0:0:1 -  -  [29/11/2016:08:20:23 +0000] "GET /jtrac/resources/excel.gif HTTP/1.1" 200 625 
0:0:0:0:0:0:0:1 -  -  [29/11/2016:08:20:23 +0000] "GET /jtrac/resources/arrow_down.gif HTTP/1.1" 200 64 
0:0:0:0:0:0:0:1 -  -  [29/11/2016:08:20:33 +0000] "POST /jtrac/app/?wicket:interface=:25:panel:form:columns:0:expression::IBehaviorListener:1:1&random=0.9883679901108979 HTTP/1.1" 200 230 
0:0:0:0:0:0:0:1 -  -  [29/11/2016:08:20:35 +0000] "POST /jtrac/app/?wicket:interface=:25:panel:form:columns:1:expression::IBehaviorListener:1:1&random=0.7049221010976006 HTTP/1.1" 200 230 
0:0:0:0:0:0:0:1 -  -  [29/11/2016:08:20:36 +0000] "POST /jtrac/app/?wicket:interface=:25:panel:form:columns:1:expression::IBehaviorListener:1:1&random=0.9554541505779359 HTTP/1.1" 200 1 
0:0:0:0:0:0:0:1 -  -  [29/11/2016:08:20:37 +0000] "GET /jtrac/app/?wicket:bookmarkablePage=:org.apache.wicket.markup.html.pages.InternalErrorPage HTTP/1.1" 500 1406 
0:0:0:0:0:0:0:1 -  -  [29/11/2016:08:20:38 +0000] "GET /jtrac/app/ HTTP/1.1" 200 6211 
0:0:0:0:0:0:0:1 -  -  [29/11/2016:08:20:40 +0000] "GET /jtrac/app/?wicket:interface=:28:header:dashboard::ILinkListener:: HTTP/1.1" 302 0 
0:0:0:0:0:0:0:1 -  -  [29/11/2016:08:20:40 +0000] "GET /jtrac/app/ HTTP/1.1" 200 5996 
0:0:0:0:0:0:0:1 -  -  [29/11/2016:08:20:41 +0000] "GET /jtrac/app/?wicket:interface=:29:header:search::ILinkListener:: HTTP/1.1" 302 0 
0:0:0:0:0:0:0:1 -  -  [29/11/2016:08:20:41 +0000] "GET /jtrac/app/item/search HTTP/1.1" 200 15227 
0:0:0:0:0:0:0:1 -  -  [29/11/2016:08:20:44 +0000] "POST /jtrac/app/?wicket:interface=:30:panel:form:columns:1:expression::IBehaviorListener:1:1&random=0.6424918511195743 HTTP/1.1" 200 282 
0:0:0:0:0:0:0:1 -  -  [29/11/2016:08:21:13 +0000] "POST /jtrac/app/?wicket:interface=:30:panel:form::IFormSubmitListener:: HTTP/1.1" 302 0 
0:0:0:0:0:0:0:1 -  -  [29/11/2016:08:21:13 +0000] "GET /jtrac/app/item/list?summary=like_foo&s=1 HTTP/1.1" 200 7573 
0:0:0:0:0:0:0:1 -  -  [29/11/2016:08:23:20 +0000] "GET /jtrac/app/?wicket:interface=:31:header:options::ILinkListener:: HTTP/1.1" 302 0 
0:0:0:0:0:0:0:1 -  -  [29/11/2016:08:23:20 +0000] "GET /jtrac/app/options HTTP/1.1" 200 5917 
0:0:0:0:0:0:0:1 -  -  [29/11/2016:08:23:24 +0000] "GET /jtrac/app/options?wicket:interface=:32:storedsearch::ILinkListener:: HTTP/1.1" 302 0 
0:0:0:0:0:0:0:1 -  -  [29/11/2016:08:23:24 +0000] "GET /jtrac/app/?wicket:interface=:33:::: HTTP/1.1" 200 3086 
0:0:0:0:0:0:0:1 -  -  [29/11/2016:08:23:25 +0000] "GET /jtrac/app/?wicket:interface=:33:create::ILinkListener:: HTTP/1.1" 302 0 
0:0:0:0:0:0:0:1 -  -  [29/11/2016:08:23:25 +0000] "GET /jtrac/app/?wicket:interface=:34:::: HTTP/1.1" 200 4024 
0:0:0:0:0:0:0:1 -  -  [29/11/2016:08:31:25 +0000] "POST /jtrac/app/?wicket:interface=:34:form::IFormSubmitListener:: HTTP/1.1" 302 0 
0:0:0:0:0:0:0:1 -  -  [29/11/2016:08:31:25 +0000] "GET /jtrac/app/?wicket:interface=:35:::: HTTP/1.1" 200 3561 
0:0:0:0:0:0:0:1 -  -  [29/11/2016:08:31:29 +0000] "GET /jtrac/app/?wicket:interface=:35:create::ILinkListener:: HTTP/1.1" 302 0 
0:0:0:0:0:0:0:1 -  -  [29/11/2016:08:31:30 +0000] "GET /jtrac/app/?wicket:interface=:36:::: HTTP/1.1" 200 4024 
0:0:0:0:0:0:0:1 -  -  [29/11/2016:08:32:09 +0000] "POST /jtrac/app/?wicket:interface=:36:form::IFormSubmitListener:: HTTP/1.1" 302 0 
0:0:0:0:0:0:0:1 -  -  [29/11/2016:08:32:09 +0000] "GET /jtrac/app/?wicket:interface=:37:::: HTTP/1.1" 200 4023 
0:0:0:0:0:0:0:1 -  -  [29/11/2016:08:32:12 +0000] "GET /jtrac/app/?wicket:interface=:37:header:dashboard::ILinkListener:: HTTP/1.1" 302 0 
0:0:0:0:0:0:0:1 -  -  [29/11/2016:08:32:12 +0000] "GET /jtrac/app/ HTTP/1.1" 200 6130 
0:0:0:0:0:0:0:1 -  -  [29/11/2016:08:39:07 +0000] "GET / HTTP/1.1" 404 778 
0:0:0:0:0:0:0:1 -  -  [29/11/2016:08:39:09 +0000] "GET /jtrac HTTP/1.1" 302 0 
0:0:0:0:0:0:0:1 -  -  [29/11/2016:08:39:09 +0000] "GET /jtrac/app/ HTTP/1.1" 302 0 
0:0:0:0:0:0:0:1 -  -  [29/11/2016:08:39:09 +0000] "GET /jtrac/app/login HTTP/1.1" 200 2686 
0:0:0:0:0:0:0:1 -  -  [29/11/2016:08:39:15 +0000] "POST /jtrac/app/login/wicket:interface/:0:form::IFormSubmitListener::/ HTTP/1.1" 302 0 
0:0:0:0:0:0:0:1 -  -  [29/11/2016:08:39:15 +0000] "GET /jtrac/app/ HTTP/1.1" 200 6113 
0:0:0:0:0:0:0:1 -  -  [29/11/2016:08:40:54 +0000] "GET /jtrac/app/?wicket:interface=:2:header:options::ILinkListener:: HTTP/1.1" 302 0 
0:0:0:0:0:0:0:1 -  -  [29/11/2016:08:40:54 +0000] "GET /jtrac/app/options HTTP/1.1" 200 5906 
0:0:0:0:0:0:0:1 -  -  [29/11/2016:08:40:55 +0000] "GET /jtrac/app/options?wicket:interface=:3:storedsearch::ILinkListener:: HTTP/1.1" 302 0 
0:0:0:0:0:0:0:1 -  -  [29/11/2016:08:40:55 +0000] "GET /jtrac/app/?wicket:interface=:4:::: HTTP/1.1" 200 4011 
0:0:0:0:0:0:0:1 -  -  [29/11/2016:08:40:57 +0000] "GET /jtrac/app/?wicket:interface=:4:links:1:link::ILinkListener:: HTTP/1.1" 302 0 
0:0:0:0:0:0:0:1 -  -  [29/11/2016:08:40:57 +0000] "GET /jtrac/app/?wicket:interface=:5:::: HTTP/1.1" 200 4058 
0:0:0:0:0:0:0:1 -  -  [29/11/2016:08:43:27 +0000] "GET /jtrac/app/ HTTP/1.1" 200 6953 
0:0:0:0:0:0:0:1 -  -  [29/11/2016:08:43:28 +0000] "GET /jtrac/resources/jtrac.css HTTP/1.1" 304 0 
0:0:0:0:0:0:0:1 -  -  [29/11/2016:08:43:28 +0000] "GET /jtrac/app/resources/org.apache.wicket.markup.html.WicketEventReference/wicket-event.js HTTP/1.1" 304 0 
0:0:0:0:0:0:0:1 -  -  [29/11/2016:08:43:28 +0000] "GET /jtrac/app/resources/org.apache.wicket.ajax.WicketAjaxReference/wicket-ajax.js HTTP/1.1" 304 0 
0:0:0:0:0:0:0:1 -  -  [29/11/2016:08:43:28 +0000] "GET /jtrac/resources/logo-jtrac.PNG HTTP/1.1" 304 0 
0:0:0:0:0:0:0:1 -  -  [29/11/2016:08:43:28 +0000] "GET /jtrac/resources/collapsed.gif HTTP/1.1" 304 0 
0:0:0:0:0:0:0:1 -  -  [29/11/2016:08:43:28 +0000] "GET /jtrac/app/resources/org.apache.wicket.ajax.AbstractDefaultAjaxBehavior/indicator.gif HTTP/1.1" 304 0 
0:0:0:0:0:0:0:1 -  -  [29/11/2016:08:43:35 +0000] "GET /jtrac/app/?wicket:interface=:0:header:login::ILinkListener:: HTTP/1.1" 302 0 
0:0:0:0:0:0:0:1 -  -  [29/11/2016:08:43:35 +0000] "GET /jtrac/app/login HTTP/1.1" 200 3493 
0:0:0:0:0:0:0:1 -  -  [29/11/2016:08:43:39 +0000] "POST /jtrac/app/login/wicket:interface/:1:form::IFormSubmitListener::/ HTTP/1.1" 302 0 
0:0:0:0:0:0:0:1 -  -  [29/11/2016:08:43:40 +0000] "GET /jtrac/app/ HTTP/1.1" 200 8487 
0:0:0:0:0:0:0:1 -  -  [29/11/2016:08:43:40 +0000] "GET /jtrac/resources/new.gif HTTP/1.1" 304 0 
0:0:0:0:0:0:0:1 -  -  [29/11/2016:08:43:41 +0000] "GET /jtrac/app/?wicket:interface=:2:header:options::ILinkListener:: HTTP/1.1" 302 0 
0:0:0:0:0:0:0:1 -  -  [29/11/2016:08:43:41 +0000] "GET /jtrac/app/options HTTP/1.1" 200 7690 
0:0:0:0:0:0:0:1 -  -  [29/11/2016:08:43:42 +0000] "GET /jtrac/resources/users.gif HTTP/1.1" 304 0 
0:0:0:0:0:0:0:1 -  -  [29/11/2016:08:43:42 +0000] "GET /jtrac/resources/spaces.gif HTTP/1.1" 304 0 
0:0:0:0:0:0:0:1 -  -  [29/11/2016:08:43:42 +0000] "GET /jtrac/resources/settings.gif HTTP/1.1" 304 0 
0:0:0:0:0:0:0:1 -  -  [29/11/2016:08:43:42 +0000] "GET /jtrac/resources/refresh.gif HTTP/1.1" 304 0 
0:0:0:0:0:0:0:1 -  -  [29/11/2016:08:43:42 +0000] "GET /jtrac/resources/import.gif HTTP/1.1" 304 0 
0:0:0:0:0:0:0:1 -  -  [29/11/2016:08:43:43 +0000] "GET /jtrac/app/options?wicket:interface=:3:storedsearch::ILinkListener:: HTTP/1.1" 302 0 
0:0:0:0:0:0:0:1 -  -  [29/11/2016:08:43:43 +0000] "GET /jtrac/app/?wicket:interface=:4:::: HTTP/1.1" 200 6393 
0:0:0:0:0:0:0:1 -  -  [29/11/2016:08:43:43 +0000] "GET /jtrac/resources/edit.gif HTTP/1.1" 304 0 
0:0:0:0:0:0:0:1 -  -  [29/11/2016:08:43:45 +0000] "GET /jtrac/app/?wicket:interface=:4:links:2:link::ILinkListener:: HTTP/1.1" 302 0 
0:0:0:0:0:0:0:1 -  -  [29/11/2016:08:43:45 +0000] "GET /jtrac/app/?wicket:interface=:5:::: HTTP/1.1" 200 5714 
0:0:0:0:0:0:0:1 -  -  [29/11/2016:08:43:45 +0000] "GET /jtrac/resources/cancel.gif HTTP/1.1" 304 0 
0:0:0:0:0:0:0:1 -  -  [29/11/2016:08:47:27 +0000] "GET / HTTP/1.1" 404 778 
0:0:0:0:0:0:0:1 -  -  [29/11/2016:08:47:31 +0000] "GET /jtrac HTTP/1.1" 302 0 
0:0:0:0:0:0:0:1 -  -  [29/11/2016:08:47:31 +0000] "GET /jtrac/app/ HTTP/1.1" 302 0 
0:0:0:0:0:0:0:1 -  -  [29/11/2016:08:47:31 +0000] "GET /jtrac/app/login HTTP/1.1" 200 2686 
0:0:0:0:0:0:0:1 -  -  [29/11/2016:08:48:55 +0000] "POST /jtrac/app/login/wicket:interface/:0:form::IFormSubmitListener::/ HTTP/1.1" 302 0 
0:0:0:0:0:0:0:1 -  -  [29/11/2016:08:48:55 +0000] "GET /jtrac/app/?wicket:interface=:1:::: HTTP/1.1" 200 2774 
0:0:0:0:0:0:0:1 -  -  [29/11/2016:08:48:59 +0000] "POST /jtrac/app/login/wicket:interface/:1:form::IFormSubmitListener::/ HTTP/1.1" 302 0 
0:0:0:0:0:0:0:1 -  -  [29/11/2016:08:48:59 +0000] "GET /jtrac/app/ HTTP/1.1" 200 6113 
0:0:0:0:0:0:0:1 -  -  [29/11/2016:08:49:02 +0000] "GET /jtrac/app/?wicket:interface=:2:header:options::ILinkListener:: HTTP/1.1" 302 0 
0:0:0:0:0:0:0:1 -  -  [29/11/2016:08:49:02 +0000] "GET /jtrac/app/options HTTP/1.1" 200 5906 
0:0:0:0:0:0:0:1 -  -  [29/11/2016:08:49:03 +0000] "GET /jtrac/app/options?wicket:interface=:3:storedsearch::ILinkListener:: HTTP/1.1" 302 0 
0:0:0:0:0:0:0:1 -  -  [29/11/2016:08:49:03 +0000] "GET /jtrac/app/?wicket:interface=:4:::: HTTP/1.1" 200 4011 
0:0:0:0:0:0:0:1 -  -  [29/11/2016:08:49:04 +0000] "GET /jtrac/app/?wicket:interface=:4:links:0:link::ILinkListener:: HTTP/1.1" 302 0 
0:0:0:0:0:0:0:1 -  -  [29/11/2016:08:49:05 +0000] "GET /jtrac/app/?wicket:interface=:5:::: HTTP/1.1" 200 4054 
