0:0:0:0:0:0:0:1 -  -  [25/11/2016:09:09:15 +0000] "GET /jtrac/app/?wicket:bookmarkablePage=wicket-0:info.jtrac.wicket.DashboardPage HTTP/1.1" 302 0 
0:0:0:0:0:0:0:1 -  -  [25/11/2016:09:09:15 +0000] "GET /jtrac/app/login/wicket:pageMapName/wicket-0/;jsessionid=3i3uvjdrbzj1 HTTP/1.1" 200 3448 
0:0:0:0:0:0:0:1 -  -  [25/11/2016:09:09:16 +0000] "GET /jtrac/app/resources/org.apache.wicket.markup.html.WicketEventReference/wicket-event.js HTTP/1.1" 304 0 
0:0:0:0:0:0:0:1 -  -  [25/11/2016:09:09:16 +0000] "GET /jtrac/resources/jtrac.css HTTP/1.1" 200 4402 
0:0:0:0:0:0:0:1 -  -  [25/11/2016:09:09:16 +0000] "GET /jtrac/resources/logo-jtrac.PNG HTTP/1.1" 200 2928 
0:0:0:0:0:0:0:1 -  -  [25/11/2016:09:09:48 +0000] "POST /jtrac/app/login/wicket:pageMapName/wicket-0/wicket:interface/wicket-0:0:form::IFormSubmitListener::/ HTTP/1.1" 302 0 
0:0:0:0:0:0:0:1 -  -  [25/11/2016:09:09:49 +0000] "GET /jtrac/app/?wicket:bookmarkablePage=wicket-0:info.jtrac.wicket.DashboardPage HTTP/1.1" 200 4605 
0:0:0:0:0:0:0:1 -  -  [25/11/2016:09:09:52 +0000] "GET /jtrac/app/?wicket:interface=wicket-0:1:header:options::ILinkListener:: HTTP/1.1" 302 0 
0:0:0:0:0:0:0:1 -  -  [25/11/2016:09:09:52 +0000] "GET /jtrac/app/options/wicket:pageMapName/wicket-0/ HTTP/1.1" 200 7791 
0:0:0:0:0:0:0:1 -  -  [25/11/2016:09:09:52 +0000] "GET /jtrac/resources/users.gif HTTP/1.1" 304 0 
0:0:0:0:0:0:0:1 -  -  [25/11/2016:09:09:52 +0000] "GET /jtrac/resources/spaces.gif HTTP/1.1" 304 0 
0:0:0:0:0:0:0:1 -  -  [25/11/2016:09:09:52 +0000] "GET /jtrac/resources/settings.gif HTTP/1.1" 304 0 
0:0:0:0:0:0:0:1 -  -  [25/11/2016:09:09:52 +0000] "GET /jtrac/resources/refresh.gif HTTP/1.1" 304 0 
0:0:0:0:0:0:0:1 -  -  [25/11/2016:09:09:52 +0000] "GET /jtrac/resources/import.gif HTTP/1.1" 304 0 
0:0:0:0:0:0:0:1 -  -  [25/11/2016:09:09:56 +0000] "GET /jtrac/app/?wicket:interface=wicket-0:2:storedsearch::ILinkListener:: HTTP/1.1" 302 0 
0:0:0:0:0:0:0:1 -  -  [25/11/2016:09:09:56 +0000] "GET /jtrac/app/?wicket:interface=wicket-0:3:::: HTTP/1.1" 200 7432 
0:0:0:0:0:0:0:1 -  -  [25/11/2016:09:09:57 +0000] "GET /jtrac/resources/edit.gif HTTP/1.1" 304 0 
0:0:0:0:0:0:0:1 -  -  [25/11/2016:09:09:59 +0000] "GET /jtrac/app/?wicket:interface=wicket-0:3:links:0:link::ILinkListener:: HTTP/1.1" 302 0 
0:0:0:0:0:0:0:1 -  -  [25/11/2016:09:09:59 +0000] "GET /jtrac/app/?wicket:interface=wicket-0:4:::: HTTP/1.1" 200 5633 
0:0:0:0:0:0:0:1 -  -  [25/11/2016:09:10:00 +0000] "GET /jtrac/resources/cancel.gif HTTP/1.1" 304 0 
0:0:0:0:0:0:0:1 -  -  [25/11/2016:09:11:56 +0000] "POST /jtrac/app/?wicket:interface=wicket-0:4:form::IFormSubmitListener:: HTTP/1.1" 302 0 
0:0:0:0:0:0:0:1 -  -  [25/11/2016:09:11:56 +0000] "GET /jtrac/app/?wicket:interface=wicket-0:5:::: HTTP/1.1" 200 7470 
0:0:0:0:0:0:0:1 -  -  [25/11/2016:09:12:09 +0000] "GET /jtrac/app/?wicket:interface=wicket-0:5:header:dashboard::ILinkListener:: HTTP/1.1" 302 0 
0:0:0:0:0:0:0:1 -  -  [25/11/2016:09:12:09 +0000] "GET /jtrac/app/?wicket:bookmarkablePage=wicket-0:info.jtrac.wicket.DashboardPage HTTP/1.1" 200 4777 
0:0:0:0:0:0:0:1 -  -  [25/11/2016:09:12:12 +0000] "GET /jtrac/app/?wicket:interface=wicket-0:6:header:options::ILinkListener:: HTTP/1.1" 302 0 
0:0:0:0:0:0:0:1 -  -  [25/11/2016:09:12:12 +0000] "GET /jtrac/app/options/wicket:pageMapName/wicket-0/ HTTP/1.1" 200 7791 
0:0:0:0:0:0:0:1 -  -  [25/11/2016:09:12:14 +0000] "GET /jtrac/app/?wicket:interface=wicket-0:7:spaces::ILinkListener:: HTTP/1.1" 302 0 
0:0:0:0:0:0:0:1 -  -  [25/11/2016:09:12:14 +0000] "GET /jtrac/app/?wicket:interface=wicket-0:8:::: HTTP/1.1" 200 4772 
0:0:0:0:0:0:0:1 -  -  [25/11/2016:09:12:15 +0000] "GET /jtrac/app/?wicket:interface=wicket-0:8:create::ILinkListener:: HTTP/1.1" 302 0 
0:0:0:0:0:0:0:1 -  -  [25/11/2016:09:12:15 +0000] "GET /jtrac/app/?wicket:interface=wicket-0:9:::: HTTP/1.1" 200 7719 
0:0:0:0:0:0:0:1 -  -  [25/11/2016:09:12:52 +0000] "POST /jtrac/app/?wicket:interface=wicket-0:9:form::IFormSubmitListener:: HTTP/1.1" 302 0 
0:0:0:0:0:0:0:1 -  -  [25/11/2016:09:12:52 +0000] "GET /jtrac/app/?wicket:interface=wicket-0:9:::: HTTP/1.1" 200 8004 
0:0:0:0:0:0:0:1 -  -  [25/11/2016:09:13:12 +0000] "POST /jtrac/app/?wicket:interface=wicket-0:9:form::IFormSubmitListener:: HTTP/1.1" 302 0 
0:0:0:0:0:0:0:1 -  -  [25/11/2016:09:13:12 +0000] "GET /jtrac/app/?wicket:interface=wicket-0:9:::: HTTP/1.1" 200 7985 
0:0:0:0:0:0:0:1 -  -  [25/11/2016:09:13:29 +0000] "POST /jtrac/app/?wicket:interface=wicket-0:9:form::IFormSubmitListener:: HTTP/1.1" 302 0 
0:0:0:0:0:0:0:1 -  -  [25/11/2016:09:13:30 +0000] "GET /jtrac/app/?wicket:interface=wicket-0:10:::: HTTP/1.1" 200 6215 
0:0:0:0:0:0:0:1 -  -  [25/11/2016:09:13:34 +0000] "GET /jtrac/app/?wicket:interface=wicket-0:10:header:dashboard::ILinkListener:: HTTP/1.1" 302 0 
0:0:0:0:0:0:0:1 -  -  [25/11/2016:09:13:34 +0000] "GET /jtrac/app/?wicket:bookmarkablePage=wicket-0:info.jtrac.wicket.DashboardPage HTTP/1.1" 200 4780 
0:0:0:0:0:0:0:1 -  -  [25/11/2016:09:13:38 +0000] "GET /jtrac/app/?wicket:interface=wicket-0:11:header:options::ILinkListener:: HTTP/1.1" 302 0 
0:0:0:0:0:0:0:1 -  -  [25/11/2016:09:13:38 +0000] "GET /jtrac/app/options/wicket:pageMapName/wicket-0/ HTTP/1.1" 200 7801 
0:0:0:0:0:0:0:1 -  -  [25/11/2016:09:13:41 +0000] "GET /jtrac/app/?wicket:interface=wicket-0:12:users::ILinkListener:: HTTP/1.1" 302 0 
0:0:0:0:0:0:0:1 -  -  [25/11/2016:09:13:41 +0000] "GET /jtrac/app/?wicket:interface=wicket-0:13:::: HTTP/1.1" 200 5926 
0:0:0:0:0:0:0:1 -  -  [25/11/2016:09:13:43 +0000] "POST /jtrac/app/?wicket:interface=wicket-0:13:form::IFormSubmitListener:: HTTP/1.1" 302 0 
0:0:0:0:0:0:0:1 -  -  [25/11/2016:09:13:43 +0000] "GET /jtrac/app/?wicket:interface=wicket-0:13:1::: HTTP/1.1" 200 6890 
0:0:0:0:0:0:0:1 -  -  [25/11/2016:09:13:45 +0000] "GET /jtrac/app/?wicket:interface=wicket-0:13:users:0:allocate:1:ILinkListener:: HTTP/1.1" 302 0 
0:0:0:0:0:0:0:1 -  -  [25/11/2016:09:13:46 +0000] "GET /jtrac/app/?wicket:interface=wicket-0:14:::: HTTP/1.1" 200 7086 
0:0:0:0:0:0:0:1 -  -  [25/11/2016:09:13:46 +0000] "GET /jtrac/app/resources/org.apache.wicket.ajax.WicketAjaxReference/wicket-ajax.js HTTP/1.1" 200 18200 
0:0:0:0:0:0:0:1 -  -  [25/11/2016:09:13:56 +0000] "GET /jtrac/app/?wicket:interface=wicket-0:14:form:cancel::ILinkListener:: HTTP/1.1" 302 0 
0:0:0:0:0:0:0:1 -  -  [25/11/2016:09:13:56 +0000] "GET /jtrac/app/?wicket:interface=wicket-0:13:2::: HTTP/1.1" 200 6907 
0:0:0:0:0:0:0:1 -  -  [25/11/2016:09:14:06 +0000] "GET /jtrac/app/?wicket:interface=wicket-0:13:users:0:edit:2:ILinkListener:: HTTP/1.1" 302 0 
0:0:0:0:0:0:0:1 -  -  [25/11/2016:09:14:06 +0000] "GET /jtrac/app/?wicket:interface=wicket-0:15:::: HTTP/1.1" 200 9227 
0:0:0:0:0:0:0:1 -  -  [25/11/2016:09:14:11 +0000] "POST /jtrac/app/?wicket:interface=wicket-0:15:form::IFormSubmitListener:: HTTP/1.1" 302 0 
0:0:0:0:0:0:0:1 -  -  [25/11/2016:09:14:11 +0000] "GET /jtrac/app/?wicket:interface=wicket-0:13:3::: HTTP/1.1" 200 6903 
0:0:0:0:0:0:0:1 -  -  [25/11/2016:09:14:29 +0000] "GET /jtrac/app/?wicket:interface=wicket-0:13:users:0:allocate:3:ILinkListener:: HTTP/1.1" 302 0 
0:0:0:0:0:0:0:1 -  -  [25/11/2016:09:14:29 +0000] "GET /jtrac/app/?wicket:interface=wicket-0:16:::: HTTP/1.1" 200 7094 
0:0:0:0:0:0:0:1 -  -  [25/11/2016:09:14:35 +0000] "GET /jtrac/app/?wicket:interface=wicket-0:16:header:options::ILinkListener:: HTTP/1.1" 302 0 
0:0:0:0:0:0:0:1 -  -  [25/11/2016:09:14:35 +0000] "GET /jtrac/app/options/wicket:pageMapName/wicket-0/ HTTP/1.1" 200 7801 
0:0:0:0:0:0:0:1 -  -  [25/11/2016:09:14:36 +0000] "GET /jtrac/app/?wicket:interface=wicket-0:17:header:dashboard::ILinkListener:: HTTP/1.1" 302 0 
0:0:0:0:0:0:0:1 -  -  [25/11/2016:09:14:36 +0000] "GET /jtrac/app/?wicket:bookmarkablePage=wicket-0:info.jtrac.wicket.DashboardPage HTTP/1.1" 200 4780 
0:0:0:0:0:0:0:1 -  -  [25/11/2016:09:14:56 +0000] "GET /jtrac/app/?wicket:interface=wicket-0:18:header:options::ILinkListener:: HTTP/1.1" 302 0 
0:0:0:0:0:0:0:1 -  -  [25/11/2016:09:14:56 +0000] "GET /jtrac/app/options/wicket:pageMapName/wicket-0/ HTTP/1.1" 200 7801 
0:0:0:0:0:0:0:1 -  -  [25/11/2016:09:14:58 +0000] "GET /jtrac/app/?wicket:interface=wicket-0:19:users::ILinkListener:: HTTP/1.1" 302 0 
0:0:0:0:0:0:0:1 -  -  [25/11/2016:09:14:58 +0000] "GET /jtrac/app/?wicket:interface=wicket-0:20:::: HTTP/1.1" 200 5931 
0:0:0:0:0:0:0:1 -  -  [25/11/2016:09:14:59 +0000] "GET /jtrac/app/?wicket:interface=wicket-0:20:create::ILinkListener:: HTTP/1.1" 302 0 
0:0:0:0:0:0:0:1 -  -  [25/11/2016:09:14:59 +0000] "GET /jtrac/app/?wicket:interface=wicket-0:21:::: HTTP/1.1" 200 9916 
0:0:0:0:0:0:0:1 -  -  [25/11/2016:09:15:35 +0000] "POST /jtrac/app/?wicket:interface=wicket-0:21:form::IFormSubmitListener:: HTTP/1.1" 302 0 
0:0:0:0:0:0:0:1 -  -  [25/11/2016:09:15:35 +0000] "GET /jtrac/app/?wicket:interface=wicket-0:20:::: HTTP/1.1" 200 5931 
0:0:0:0:0:0:0:1 -  -  [25/11/2016:09:15:41 +0000] "GET /jtrac/app/?wicket:interface=wicket-0:20:header:dashboard::ILinkListener:: HTTP/1.1" 302 0 
0:0:0:0:0:0:0:1 -  -  [25/11/2016:09:15:41 +0000] "GET /jtrac/app/?wicket:bookmarkablePage=wicket-0:info.jtrac.wicket.DashboardPage HTTP/1.1" 200 4780 
0:0:0:0:0:0:0:1 -  -  [25/11/2016:09:15:43 +0000] "GET /jtrac/app/?wicket:interface=wicket-0:22:header:options::ILinkListener:: HTTP/1.1" 302 0 
0:0:0:0:0:0:0:1 -  -  [25/11/2016:09:15:43 +0000] "GET /jtrac/app/options/wicket:pageMapName/wicket-0/ HTTP/1.1" 200 7801 
0:0:0:0:0:0:0:1 -  -  [25/11/2016:09:15:44 +0000] "GET /jtrac/app/?wicket:interface=wicket-0:23:spaces::ILinkListener:: HTTP/1.1" 302 0 
0:0:0:0:0:0:0:1 -  -  [25/11/2016:09:15:44 +0000] "GET /jtrac/app/?wicket:interface=wicket-0:24:::: HTTP/1.1" 200 4777 
0:0:0:0:0:0:0:1 -  -  [25/11/2016:09:15:47 +0000] "GET /jtrac/app/?wicket:interface=wicket-0:24:header:options::ILinkListener:: HTTP/1.1" 302 0 
0:0:0:0:0:0:0:1 -  -  [25/11/2016:09:15:47 +0000] "GET /jtrac/app/options/wicket:pageMapName/wicket-0/ HTTP/1.1" 200 7801 
0:0:0:0:0:0:0:1 -  -  [25/11/2016:09:15:52 +0000] "GET /jtrac/app/?wicket:interface=wicket-0:25:users::ILinkListener:: HTTP/1.1" 302 0 
0:0:0:0:0:0:0:1 -  -  [25/11/2016:09:15:52 +0000] "GET /jtrac/app/?wicket:interface=wicket-0:26:::: HTTP/1.1" 200 5931 
0:0:0:0:0:0:0:1 -  -  [25/11/2016:09:15:54 +0000] "POST /jtrac/app/?wicket:interface=wicket-0:26:form::IFormSubmitListener:: HTTP/1.1" 302 0 
0:0:0:0:0:0:0:1 -  -  [25/11/2016:09:15:54 +0000] "GET /jtrac/app/?wicket:interface=wicket-0:26:1::: HTTP/1.1" 200 7872 
0:0:0:0:0:0:0:1 -  -  [25/11/2016:09:15:56 +0000] "GET /jtrac/app/?wicket:interface=wicket-0:26:users:1:allocate:1:ILinkListener:: HTTP/1.1" 302 0 
0:0:0:0:0:0:0:1 -  -  [25/11/2016:09:15:56 +0000] "GET /jtrac/app/?wicket:interface=wicket-0:27:::: HTTP/1.1" 200 7000 
0:0:0:0:0:0:0:1 -  -  [25/11/2016:09:16:07 +0000] "GET /jtrac/app/?wicket:interface=wicket-0:27:header:logout::ILinkListener:: HTTP/1.1" 302 0 
0:0:0:0:0:0:0:1 -  -  [25/11/2016:09:16:07 +0000] "GET /jtrac/app/logout/wicket:pageMapName/wicket-0/locale/en/ HTTP/1.1" 200 2176 
0:0:0:0:0:0:0:1 -  -  [25/11/2016:09:16:08 +0000] "GET /jtrac/app/login HTTP/1.1" 200 3373 
0:0:0:0:0:0:0:1 -  -  [25/11/2016:09:16:13 +0000] "POST /jtrac/app/login/wicket:interface/:1:form::IFormSubmitListener::/ HTTP/1.1" 302 0 
0:0:0:0:0:0:0:1 -  -  [25/11/2016:09:16:13 +0000] "GET /jtrac/app/ HTTP/1.1" 200 4759 
0:0:0:0:0:0:0:1 -  -  [25/11/2016:09:16:15 +0000] "GET /jtrac/app/?wicket:interface=:2:header:options::ILinkListener:: HTTP/1.1" 302 0 
0:0:0:0:0:0:0:1 -  -  [25/11/2016:09:16:15 +0000] "GET /jtrac/app/options HTTP/1.1" 200 7501 
0:0:0:0:0:0:0:1 -  -  [25/11/2016:09:16:17 +0000] "GET /jtrac/app/options?wicket:interface=:3:users::ILinkListener:: HTTP/1.1" 302 0 
0:0:0:0:0:0:0:1 -  -  [25/11/2016:09:16:17 +0000] "GET /jtrac/app/?wicket:interface=:4:::: HTTP/1.1" 200 5870 
0:0:0:0:0:0:0:1 -  -  [25/11/2016:09:16:18 +0000] "POST /jtrac/app/?wicket:interface=:4:form::IFormSubmitListener:: HTTP/1.1" 302 0 
0:0:0:0:0:0:0:1 -  -  [25/11/2016:09:16:18 +0000] "GET /jtrac/app/?wicket:interface=:4:1::: HTTP/1.1" 200 7775 
0:0:0:0:0:0:0:1 -  -  [25/11/2016:09:16:20 +0000] "GET /jtrac/app/?wicket:interface=:4:users:1:allocate:1:ILinkListener:: HTTP/1.1" 302 0 
0:0:0:0:0:0:0:1 -  -  [25/11/2016:09:16:20 +0000] "GET /jtrac/app/?wicket:interface=:5:::: HTTP/1.1" 200 6934 
0:0:0:0:0:0:0:1 -  -  [25/11/2016:09:30:39 +0000] "GET /jtrac/app/?wicket:interface=:5:header:logout::ILinkListener:: HTTP/1.1" 404 1467 
0:0:0:0:0:0:0:1 -  -  [25/11/2016:09:30:41 +0000] "GET /jtrac/app/ HTTP/1.1" 302 0 
0:0:0:0:0:0:0:1 -  -  [25/11/2016:09:30:41 +0000] "GET /jtrac/app/login HTTP/1.1" 200 3373 
0:0:0:0:0:0:0:1 -  -  [25/11/2016:09:30:46 +0000] "POST /jtrac/app/login/wicket:interface/:1:form::IFormSubmitListener::/ HTTP/1.1" 302 0 
0:0:0:0:0:0:0:1 -  -  [25/11/2016:09:30:46 +0000] "GET /jtrac/app/?wicket:interface=:1:::: HTTP/1.1" 200 3659 
0:0:0:0:0:0:0:1 -  -  [25/11/2016:09:55:24 +0000] "GET /jtrac/app/login/wicket:interface/:1:form::IFormSubmitListener::/ HTTP/1.1" 302 0 
0:0:0:0:0:0:0:1 -  -  [25/11/2016:09:55:24 +0000] "GET /jtrac/app/?wicket:interface=:0:::: HTTP/1.1" 200 3504 
0:0:0:0:0:0:0:1 -  -  [25/11/2016:09:55:29 +0000] "POST /jtrac/app/login/wicket:interface/:0:form::IFormSubmitListener::/ HTTP/1.1" 302 0 
0:0:0:0:0:0:0:1 -  -  [25/11/2016:09:55:29 +0000] "GET /jtrac/app/ HTTP/1.1" 200 4046 
0:0:0:0:0:0:0:1 -  -  [25/11/2016:10:10:20 +0000] "GET /jtrac/app/?wicket:interface=:1:header:dashboard::ILinkListener:: HTTP/1.1" 302 0 
0:0:0:0:0:0:0:1 -  -  [25/11/2016:10:10:20 +0000] "GET /jtrac/app/ HTTP/1.1" 200 4046 
0:0:0:0:0:0:0:1 -  -  [25/11/2016:10:10:34 +0000] "GET /jtrac/app/?wicket:interface=:2:header:options::ILinkListener:: HTTP/1.1" 302 0 
0:0:0:0:0:0:0:1 -  -  [25/11/2016:10:10:34 +0000] "GET /jtrac/app/options HTTP/1.1" 200 7501 
0:0:0:0:0:0:0:1 -  -  [25/11/2016:10:10:36 +0000] "GET /jtrac/app/options?wicket:interface=:3:storedsearch::ILinkListener:: HTTP/1.1" 302 0 
0:0:0:0:0:0:0:1 -  -  [25/11/2016:10:10:36 +0000] "GET /jtrac/app/?wicket:interface=:4:::: HTTP/1.1" 200 4472 
0:0:0:0:0:0:0:1 -  -  [25/11/2016:10:10:38 +0000] "GET /jtrac/app/?wicket:interface=:4:header:dashboard::ILinkListener:: HTTP/1.1" 302 0 
0:0:0:0:0:0:0:1 -  -  [25/11/2016:10:10:38 +0000] "GET /jtrac/app/ HTTP/1.1" 200 4046 
0:0:0:0:0:0:0:1 -  -  [25/11/2016:10:46:05 +0000] "GET /jtrac/app/?wicket:interface=:5:header:options::ILinkListener:: HTTP/1.1" 404 1467 
0:0:0:0:0:0:0:1 -  -  [25/11/2016:10:46:05 +0000] "GET /jtrac/app/?wicket:interface=:5:header:options::ILinkListener:: HTTP/1.1" 404 1467 
0:0:0:0:0:0:0:1 -  -  [25/11/2016:10:46:07 +0000] "GET /jtrac/app/ HTTP/1.1" 302 0 
0:0:0:0:0:0:0:1 -  -  [25/11/2016:10:46:07 +0000] "GET /jtrac/app/login HTTP/1.1" 200 3373 
0:0:0:0:0:0:0:1 -  -  [25/11/2016:10:46:08 +0000] "GET /jtrac/app/resources/org.apache.wicket.markup.html.WicketEventReference/wicket-event.js HTTP/1.1" 304 0 
0:0:0:0:0:0:0:1 -  -  [25/11/2016:10:46:13 +0000] "POST /jtrac/app/login/wicket:interface/:1:form::IFormSubmitListener::/ HTTP/1.1" 302 0 
0:0:0:0:0:0:0:1 -  -  [25/11/2016:10:46:13 +0000] "GET /jtrac/app/ HTTP/1.1" 200 4046 
0:0:0:0:0:0:0:1 -  -  [25/11/2016:10:46:15 +0000] "GET /jtrac/app/?wicket:interface=:2:header:options::ILinkListener:: HTTP/1.1" 302 0 
0:0:0:0:0:0:0:1 -  -  [25/11/2016:10:46:15 +0000] "GET /jtrac/app/options HTTP/1.1" 200 7501 
0:0:0:0:0:0:0:1 -  -  [25/11/2016:10:46:19 +0000] "GET /jtrac/app/options?wicket:interface=:3:spaces::ILinkListener:: HTTP/1.1" 302 0 
0:0:0:0:0:0:0:1 -  -  [25/11/2016:10:46:20 +0000] "GET /jtrac/app/?wicket:interface=:4:::: HTTP/1.1" 200 4730 
0:0:0:0:0:0:0:1 -  -  [25/11/2016:10:46:21 +0000] "GET /jtrac/app/?wicket:interface=:4:create::ILinkListener:: HTTP/1.1" 302 0 
0:0:0:0:0:0:0:1 -  -  [25/11/2016:10:46:21 +0000] "GET /jtrac/app/?wicket:interface=:5:::: HTTP/1.1" 200 7669 
0:0:0:0:0:0:0:1 -  -  [25/11/2016:10:58:09 +0000] "POST /jtrac/app/?wicket:interface=:5:form::IFormSubmitListener:: HTTP/1.1" 302 0 
0:0:0:0:0:0:0:1 -  -  [25/11/2016:10:58:09 +0000] "GET /jtrac/app/?wicket:interface=:5:::: HTTP/1.1" 200 7936 
0:0:0:0:0:0:0:1 -  -  [25/11/2016:10:58:15 +0000] "POST /jtrac/app/?wicket:interface=:5:form::IFormSubmitListener:: HTTP/1.1" 302 0 
0:0:0:0:0:0:0:1 -  -  [25/11/2016:10:58:15 +0000] "GET /jtrac/app/?wicket:interface=:6:::: HTTP/1.1" 200 6161 
0:0:0:0:0:0:0:1 -  -  [25/11/2016:10:58:30 +0000] "POST /jtrac/app/?wicket:interface=:6:form::IFormSubmitListener:: HTTP/1.1" 302 0 
0:0:0:0:0:0:0:1 -  -  [25/11/2016:10:58:30 +0000] "GET /jtrac/app/?wicket:interface=:7:::: HTTP/1.1" 200 10632 
0:0:0:0:0:0:0:1 -  -  [25/11/2016:10:58:30 +0000] "GET /jtrac/resources/down.gif HTTP/1.1" 200 538 
0:0:0:0:0:0:0:1 -  -  [25/11/2016:10:58:30 +0000] "GET /jtrac/resources/up.gif HTTP/1.1" 200 537 
0:0:0:0:0:0:0:1 -  -  [25/11/2016:10:58:34 +0000] "POST /jtrac/app/?wicket:interface=:7:form::IFormSubmitListener:: HTTP/1.1" 302 0 
0:0:0:0:0:0:0:1 -  -  [25/11/2016:10:58:34 +0000] "GET /jtrac/app/?wicket:interface=:8:::: HTTP/1.1" 200 7676 
0:0:0:0:0:0:0:1 -  -  [25/11/2016:10:58:40 +0000] "POST /jtrac/app/?wicket:interface=:8:form::IFormSubmitListener:: HTTP/1.1" 302 0 
0:0:0:0:0:0:0:1 -  -  [25/11/2016:10:58:40 +0000] "GET /jtrac/app/?wicket:interface=:9:::: HTTP/1.1" 200 6900 
0:0:0:0:0:0:0:1 -  -  [25/11/2016:10:58:55 +0000] "POST /jtrac/app/?wicket:interface=:9:form::IFormSubmitListener:: HTTP/1.1" 302 0 
0:0:0:0:0:0:0:1 -  -  [25/11/2016:10:58:55 +0000] "GET /jtrac/app/?wicket:interface=:10:::: HTTP/1.1" 200 7656 
0:0:0:0:0:0:0:1 -  -  [25/11/2016:10:58:59 +0000] "POST /jtrac/app/?wicket:interface=:10:form::IFormSubmitListener:: HTTP/1.1" 302 0 
0:0:0:0:0:0:0:1 -  -  [25/11/2016:10:58:59 +0000] "GET /jtrac/app/?wicket:interface=:11:::: HTTP/1.1" 200 8404 
0:0:0:0:0:0:0:1 -  -  [25/11/2016:10:59:03 +0000] "POST /jtrac/app/?wicket:interface=:11:form::IFormSubmitListener:: HTTP/1.1" 302 0 
0:0:0:0:0:0:0:1 -  -  [25/11/2016:10:59:03 +0000] "GET /jtrac/app/?wicket:interface=:12:::: HTTP/1.1" 200 9152 
0:0:0:0:0:0:0:1 -  -  [25/11/2016:10:59:03 +0000] "POST /jtrac/app/?wicket:interface=:12:form::IFormSubmitListener:: HTTP/1.1" 302 0 
0:0:0:0:0:0:0:1 -  -  [25/11/2016:10:59:03 +0000] "GET /jtrac/app/?wicket:interface=:13:::: HTTP/1.1" 200 8945 
0:0:0:0:0:0:0:1 -  -  [25/11/2016:10:59:06 +0000] "POST /jtrac/app/?wicket:interface=:13:form::IFormSubmitListener:: HTTP/1.1" 302 0 
0:0:0:0:0:0:0:1 -  -  [25/11/2016:10:59:07 +0000] "GET /jtrac/app/?wicket:interface=:14:::: HTTP/1.1" 200 11815 
0:0:0:0:0:0:0:1 -  -  [25/11/2016:10:59:07 +0000] "GET /jtrac/resources/field-mandatory.gif HTTP/1.1" 200 216 
0:0:0:0:0:0:0:1 -  -  [25/11/2016:10:59:07 +0000] "GET /jtrac/resources/field-readonly.gif HTTP/1.1" 200 161 
0:0:0:0:0:0:0:1 -  -  [25/11/2016:10:59:07 +0000] "GET /jtrac/resources/field-optional.gif HTTP/1.1" 200 157 
0:0:0:0:0:0:0:1 -  -  [25/11/2016:10:59:07 +0000] "GET /jtrac/resources/status-grey.gif HTTP/1.1" 200 361 
0:0:0:0:0:0:0:1 -  -  [25/11/2016:10:59:07 +0000] "GET /jtrac/resources/add.gif HTTP/1.1" 200 192 
0:0:0:0:0:0:0:1 -  -  [25/11/2016:10:59:07 +0000] "GET /jtrac/resources/status-green.gif HTTP/1.1" 200 965 
0:0:0:0:0:0:0:1 -  -  [25/11/2016:10:59:09 +0000] "POST /jtrac/app/?wicket:interface=:14:form::IFormSubmitListener:: HTTP/1.1" 302 0 
0:0:0:0:0:0:0:1 -  -  [25/11/2016:10:59:09 +0000] "GET /jtrac/app/?wicket:interface=:15:::: HTTP/1.1" 200 7146 
0:0:0:0:0:0:0:1 -  -  [25/11/2016:10:59:09 +0000] "GET /jtrac/app/resources/org.apache.wicket.ajax.WicketAjaxReference/wicket-ajax.js HTTP/1.1" 304 0 
0:0:0:0:0:0:0:1 -  -  [25/11/2016:10:59:13 +0000] "POST /jtrac/app/?wicket:interface=:15:form::IFormSubmitListener:: HTTP/1.1" 302 0 
0:0:0:0:0:0:0:1 -  -  [25/11/2016:10:59:14 +0000] "GET /jtrac/app/?wicket:interface=:16:::: HTTP/1.1" 200 7740 
0:0:0:0:0:0:0:1 -  -  [25/11/2016:10:59:14 +0000] "GET /jtrac/resources/delete.gif HTTP/1.1" 200 237 
0:0:0:0:0:0:0:1 -  -  [25/11/2016:10:59:17 +0000] "GET /jtrac/app/?wicket:interface=:16:header:dashboard::ILinkListener:: HTTP/1.1" 302 0 
0:0:0:0:0:0:0:1 -  -  [25/11/2016:10:59:17 +0000] "GET /jtrac/app/ HTTP/1.1" 200 8086 
0:0:0:0:0:0:0:1 -  -  [25/11/2016:10:59:17 +0000] "GET /jtrac/resources/new.gif HTTP/1.1" 200 368 
0:0:0:0:0:0:0:1 -  -  [25/11/2016:10:59:17 +0000] "GET /jtrac/resources/collapsed.gif HTTP/1.1" 200 354 
0:0:0:0:0:0:0:1 -  -  [25/11/2016:10:59:17 +0000] "GET /jtrac/app/resources/org.apache.wicket.ajax.AbstractDefaultAjaxBehavior/indicator.gif HTTP/1.1" 200 1553 
0:0:0:0:0:0:0:1 -  -  [25/11/2016:11:15:04 +0000] "GET /jtrac/app/?wicket:interface=:17:header:dashboard::ILinkListener:: HTTP/1.1" 302 0 
0:0:0:0:0:0:0:1 -  -  [25/11/2016:11:15:04 +0000] "GET /jtrac/app/ HTTP/1.1" 200 8086 
0:0:0:0:0:0:0:1 -  -  [25/11/2016:11:15:07 +0000] "GET /jtrac/app/?wicket:interface=:18:header:options::ILinkListener:: HTTP/1.1" 302 0 
0:0:0:0:0:0:0:1 -  -  [25/11/2016:11:15:07 +0000] "GET /jtrac/app/options HTTP/1.1" 200 7701 
0:0:0:0:0:0:0:1 -  -  [25/11/2016:11:15:12 +0000] "GET /jtrac/app/options?wicket:interface=:19:profile::ILinkListener:: HTTP/1.1" 302 0 
0:0:0:0:0:0:0:1 -  -  [25/11/2016:11:15:12 +0000] "GET /jtrac/app/?wicket:interface=:20:::: HTTP/1.1" 200 9387 
0:0:0:0:0:0:0:1 -  -  [25/11/2016:11:15:17 +0000] "GET /jtrac/app/?wicket:interface=:20:header:options::ILinkListener:: HTTP/1.1" 302 0 
0:0:0:0:0:0:0:1 -  -  [25/11/2016:11:15:17 +0000] "GET /jtrac/app/options HTTP/1.1" 200 7701 
0:0:0:0:0:0:0:1 -  -  [25/11/2016:11:15:23 +0000] "GET /jtrac/app/options?wicket:interface=:21:storedsearch::ILinkListener:: HTTP/1.1" 302 0 
0:0:0:0:0:0:0:1 -  -  [25/11/2016:11:15:23 +0000] "GET /jtrac/app/?wicket:interface=:22:::: HTTP/1.1" 200 4667 
0:0:0:0:0:0:0:1 -  -  [25/11/2016:11:15:25 +0000] "GET /jtrac/app/?wicket:interface=:22:create::ILinkListener:: HTTP/1.1" 302 0 
0:0:0:0:0:0:0:1 -  -  [25/11/2016:11:15:25 +0000] "GET /jtrac/app/?wicket:interface=:23:::: HTTP/1.1" 200 5671 
0:0:0:0:0:0:0:1 -  -  [25/11/2016:11:15:29 +0000] "GET /jtrac/app/?wicket:interface=:23:header:dashboard::ILinkListener:: HTTP/1.1" 302 0 
0:0:0:0:0:0:0:1 -  -  [25/11/2016:11:15:30 +0000] "GET /jtrac/app/ HTTP/1.1" 200 8086 
0:0:0:0:0:0:0:1 -  -  [25/11/2016:11:15:31 +0000] "GET /jtrac/app/?wicket:interface=:24:table:dashboardRows:0:dashboardRow:new::ILinkListener:: HTTP/1.1" 302 0 
0:0:0:0:0:0:0:1 -  -  [25/11/2016:11:15:31 +0000] "GET /jtrac/app/item/form HTTP/1.1" 200 10288 
0:0:0:0:0:0:0:1 -  -  [25/11/2016:11:15:32 +0000] "GET /jtrac/resources/space.gif HTTP/1.1" 200 1046 
0:0:0:0:0:0:0:1 -  -  [25/11/2016:11:20:06 +0000] "POST /jtrac/app/?wicket:interface=:25:form::IFormSubmitListener:: HTTP/1.1" 302 0 
0:0:0:0:0:0:0:1 -  -  [25/11/2016:11:20:06 +0000] "GET /jtrac/app/item/FOO-1/ HTTP/1.1" 200 13588 
0:0:0:0:0:0:0:1 -  -  [25/11/2016:11:21:32 +0000] "GET /jtrac/app/?wicket:interface=:26:header:search::ILinkListener:: HTTP/1.1" 302 0 
0:0:0:0:0:0:0:1 -  -  [25/11/2016:11:21:32 +0000] "GET /jtrac/app/item/search HTTP/1.1" 200 18048 
0:0:0:0:0:0:0:1 -  -  [25/11/2016:11:21:37 +0000] "POST /jtrac/app/?wicket:interface=:27:panel:form:columns:3:expression::IBehaviorListener:1:1&random=0.5247350263178723 HTTP/1.1" 200 671 
0:0:0:0:0:0:0:1 -  -  [25/11/2016:11:21:40 +0000] "POST /jtrac/app/?wicket:interface=:27:panel:form::IFormSubmitListener:: HTTP/1.1" 302 0 
0:0:0:0:0:0:0:1 -  -  [25/11/2016:11:21:40 +0000] "GET /jtrac/app/item/list?s=1&status=in_1 HTTP/1.1" 200 8651 
0:0:0:0:0:0:0:1 -  -  [25/11/2016:11:21:41 +0000] "GET /jtrac/resources/excel.gif HTTP/1.1" 200 625 
0:0:0:0:0:0:0:1 -  -  [25/11/2016:11:21:41 +0000] "GET /jtrac/resources/arrow_down.gif HTTP/1.1" 200 64 
0:0:0:0:0:0:0:1 -  -  [25/11/2016:11:22:54 +0000] "GET /jtrac/app/?wicket:interface=:28:header:dashboard::ILinkListener:: HTTP/1.1" 302 0 
0:0:0:0:0:0:0:1 -  -  [25/11/2016:11:22:54 +0000] "GET /jtrac/app/ HTTP/1.1" 200 8086 
0:0:0:0:0:0:0:1 -  -  [25/11/2016:11:22:56 +0000] "GET /jtrac/app/?wicket:interface=:29:header:options::ILinkListener:: HTTP/1.1" 302 0 
0:0:0:0:0:0:0:1 -  -  [25/11/2016:11:22:56 +0000] "GET /jtrac/app/options HTTP/1.1" 200 7701 
0:0:0:0:0:0:0:1 -  -  [25/11/2016:11:23:02 +0000] "GET /jtrac/app/options?wicket:interface=:30:storedsearch::ILinkListener:: HTTP/1.1" 302 0 
0:0:0:0:0:0:0:1 -  -  [25/11/2016:11:23:02 +0000] "GET /jtrac/app/?wicket:interface=:31:::: HTTP/1.1" 200 4667 
0:0:0:0:0:0:0:1 -  -  [25/11/2016:11:23:04 +0000] "GET /jtrac/app/?wicket:interface=:31:create::ILinkListener:: HTTP/1.1" 302 0 
0:0:0:0:0:0:0:1 -  -  [25/11/2016:11:23:04 +0000] "GET /jtrac/app/?wicket:interface=:32:::: HTTP/1.1" 200 5671 
0:0:0:0:0:0:0:1 -  -  [25/11/2016:11:23:39 +0000] "GET /jtrac/app/?wicket:bookmarkablePage=wicket-0:info.jtrac.wicket.DashboardPage HTTP/1.1" 200 8009 
0:0:0:0:0:0:0:1 -  -  [25/11/2016:11:23:39 +0000] "GET /jtrac/resources/jtrac.css HTTP/1.1" 304 0 
0:0:0:0:0:0:0:1 -  -  [25/11/2016:11:23:39 +0000] "GET /jtrac/resources/logo-jtrac.PNG HTTP/1.1" 304 0 
0:0:0:0:0:0:0:1 -  -  [25/11/2016:11:23:43 +0000] "GET /jtrac/app/?wicket:interface=wicket-0:33:header:search::ILinkListener:: HTTP/1.1" 302 0 
0:0:0:0:0:0:0:1 -  -  [25/11/2016:11:23:43 +0000] "GET /jtrac/app/item/search?wicket:pageMapName=wicket-0 HTTP/1.1" 200 18170 
0:0:0:0:0:0:0:1 -  -  [25/11/2016:11:23:46 +0000] "POST /jtrac/app/?wicket:interface=wicket-0:34:panel:form:columns:3:expression::IBehaviorListener:1:1&random=0.5708347225318713 HTTP/1.1" 200 671 
0:0:0:0:0:0:0:1 -  -  [25/11/2016:11:23:52 +0000] "POST /jtrac/app/?wicket:interface=wicket-0:34:panel:form:columns:7:expression::IBehaviorListener:1:1&random=0.6525846181820791 HTTP/1.1" 200 830 
0:0:0:0:0:0:0:1 -  -  [25/11/2016:11:23:54 +0000] "POST /jtrac/app/?wicket:interface=wicket-0:34:panel:form::IFormSubmitListener:: HTTP/1.1" 302 0 
0:0:0:0:0:0:0:1 -  -  [25/11/2016:11:23:54 +0000] "GET /jtrac/app/item/list?wicket:pageMapName=wicket-0&s=1&cusInt01=in_1&status=in_1 HTTP/1.1" 200 8815 
0:0:0:0:0:0:0:1 -  -  [25/11/2016:11:24:02 +0000] "POST /jtrac/app/?wicket:interface=:32:form::IFormSubmitListener:: HTTP/1.1" 302 0 
0:0:0:0:0:0:0:1 -  -  [25/11/2016:11:24:02 +0000] "GET /jtrac/app/?wicket:interface=:36:::: HTTP/1.1" 200 5618 
0:0:0:0:0:0:0:1 -  -  [25/11/2016:11:24:52 +0000] "GET /jtrac/app/?wicket:interface=:36:create::ILinkListener:: HTTP/1.1" 302 0 
0:0:0:0:0:0:0:1 -  -  [25/11/2016:11:24:52 +0000] "GET /jtrac/app/?wicket:interface=:37:::: HTTP/1.1" 200 5997 
0:0:0:0:0:0:0:1 -  -  [25/11/2016:11:25:16 +0000] "POST /jtrac/app/?wicket:interface=:37:form::IFormSubmitListener:: HTTP/1.1" 302 0 
0:0:0:0:0:0:0:1 -  -  [25/11/2016:11:25:16 +0000] "GET /jtrac/app/?wicket:interface=:38:::: HTTP/1.1" 200 6176 
0:0:0:0:0:0:0:1 -  -  [25/11/2016:11:25:18 +0000] "GET /jtrac/app/?wicket:interface=:38:create::ILinkListener:: HTTP/1.1" 302 0 
0:0:0:0:0:0:0:1 -  -  [25/11/2016:11:25:18 +0000] "GET /jtrac/app/?wicket:interface=:39:::: HTTP/1.1" 200 5997 
0:0:0:0:0:0:0:1 -  -  [25/11/2016:11:26:15 +0000] "POST /jtrac/app/?wicket:interface=:39:form::IFormSubmitListener:: HTTP/1.1" 302 0 
0:0:0:0:0:0:0:1 -  -  [25/11/2016:11:26:15 +0000] "GET /jtrac/app/?wicket:interface=:40:::: HTTP/1.1" 200 6745 
0:0:0:0:0:0:0:1 -  -  [25/11/2016:11:26:42 +0000] "GET /jtrac/app/?wicket:interface=:40:header:dashboard::ILinkListener:: HTTP/1.1" 302 0 
0:0:0:0:0:0:0:1 -  -  [25/11/2016:11:26:42 +0000] "GET /jtrac/app/ HTTP/1.1" 200 8504 
0:0:0:0:0:0:0:1 -  -  [25/11/2016:11:28:06 +0000] "GET /jtrac/app/?wicket:interface=:41:header:options::ILinkListener:: HTTP/1.1" 302 0 
0:0:0:0:0:0:0:1 -  -  [25/11/2016:11:28:06 +0000] "GET /jtrac/app/options HTTP/1.1" 200 7701 
0:0:0:0:0:0:0:1 -  -  [25/11/2016:11:28:06 +0000] "GET /jtrac/resources/users.gif HTTP/1.1" 304 0 
0:0:0:0:0:0:0:1 -  -  [25/11/2016:11:28:06 +0000] "GET /jtrac/resources/spaces.gif HTTP/1.1" 304 0 
0:0:0:0:0:0:0:1 -  -  [25/11/2016:11:28:06 +0000] "GET /jtrac/resources/refresh.gif HTTP/1.1" 304 0 
0:0:0:0:0:0:0:1 -  -  [25/11/2016:11:28:06 +0000] "GET /jtrac/resources/settings.gif HTTP/1.1" 304 0 
0:0:0:0:0:0:0:1 -  -  [25/11/2016:11:28:06 +0000] "GET /jtrac/resources/import.gif HTTP/1.1" 304 0 
0:0:0:0:0:0:0:1 -  -  [25/11/2016:11:28:13 +0000] "GET /jtrac/app/options?wicket:interface=:42:import::ILinkListener:: HTTP/1.1" 302 0 
0:0:0:0:0:0:0:1 -  -  [25/11/2016:11:28:13 +0000] "GET /jtrac/app/?wicket:interface=:43:::: HTTP/1.1" 200 4510 
0:0:0:0:0:0:0:1 -  -  [25/11/2016:11:28:53 +0000] "GET /jtrac/app/options?wicket:interface=:42:settings::ILinkListener:: HTTP/1.1" 302 0 
0:0:0:0:0:0:0:1 -  -  [25/11/2016:11:28:53 +0000] "GET /jtrac/app/?wicket:interface=:44:::: HTTP/1.1" 200 14353 
0:0:0:0:0:0:0:1 -  -  [25/11/2016:11:28:53 +0000] "GET /jtrac/resources/edit.gif HTTP/1.1" 304 0 
0:0:0:0:0:0:0:1 -  -  [25/11/2016:11:30:02 +0000] "GET /jtrac/app/?wicket:interface=:44:header:options::ILinkListener:: HTTP/1.1" 302 0 
0:0:0:0:0:0:0:1 -  -  [25/11/2016:11:30:02 +0000] "GET /jtrac/app/options HTTP/1.1" 200 7701 
0:0:0:0:0:0:0:1 -  -  [25/11/2016:11:30:13 +0000] "GET /jtrac/app/options?wicket:interface=:45:header:logout::ILinkListener:: HTTP/1.1" 302 0 
0:0:0:0:0:0:0:1 -  -  [25/11/2016:11:30:13 +0000] "GET /jtrac/app/logout/locale/en/ HTTP/1.1" 200 2152 
0:0:0:0:0:0:0:1 -  -  [25/11/2016:11:30:15 +0000] "GET /jtrac/app/login HTTP/1.1" 200 3493 
0:0:0:0:0:0:0:1 -  -  [25/11/2016:11:30:19 +0000] "POST /jtrac/app/login/wicket:interface/:1:form::IFormSubmitListener::/ HTTP/1.1" 302 0 
0:0:0:0:0:0:0:1 -  -  [25/11/2016:11:30:19 +0000] "GET /jtrac/app/ HTTP/1.1" 200 8487 
0:0:0:0:0:0:0:1 -  -  [25/11/2016:11:30:33 +0000] "GET /jtrac/app/?wicket:interface=:2:header:options::ILinkListener:: HTTP/1.1" 302 0 
0:0:0:0:0:0:0:1 -  -  [25/11/2016:11:30:33 +0000] "GET /jtrac/app/options HTTP/1.1" 200 7690 
0:0:0:0:0:0:0:1 -  -  [25/11/2016:11:30:34 +0000] "GET /jtrac/app/options?wicket:interface=:3:users::ILinkListener:: HTTP/1.1" 302 0 
0:0:0:0:0:0:0:1 -  -  [25/11/2016:11:30:34 +0000] "GET /jtrac/app/?wicket:interface=:4:::: HTTP/1.1" 200 6059 
0:0:0:0:0:0:0:1 -  -  [25/11/2016:11:30:39 +0000] "GET /jtrac/app/options?wicket:interface=:3:spaces::ILinkListener:: HTTP/1.1" 302 0 
0:0:0:0:0:0:0:1 -  -  [25/11/2016:11:30:39 +0000] "GET /jtrac/app/?wicket:interface=:5:::: HTTP/1.1" 200 5911 
0:0:0:0:0:0:0:1 -  -  [25/11/2016:11:30:41 +0000] "GET /jtrac/app/?wicket:interface=:5:spaces:0:edit::ILinkListener:: HTTP/1.1" 302 0 
0:0:0:0:0:0:0:1 -  -  [25/11/2016:11:30:41 +0000] "GET /jtrac/app/?wicket:interface=:6:::: HTTP/1.1" 200 7592 
0:0:0:0:0:0:0:1 -  -  [25/11/2016:11:30:41 +0000] "GET /jtrac/resources/cancel.gif HTTP/1.1" 304 0 
0:0:0:0:0:0:0:1 -  -  [25/11/2016:11:30:43 +0000] "POST /jtrac/app/?wicket:interface=:6:form::IFormSubmitListener:: HTTP/1.1" 302 0 
0:0:0:0:0:0:0:1 -  -  [25/11/2016:11:30:43 +0000] "GET /jtrac/app/?wicket:interface=:7:::: HTTP/1.1" 200 9116 
0:0:0:0:0:0:0:1 -  -  [25/11/2016:11:33:18 +0000] "POST /jtrac/app/?wicket:interface=:7:form::IFormSubmitListener:: HTTP/1.1" 302 0 
0:0:0:0:0:0:0:1 -  -  [25/11/2016:11:33:18 +0000] "GET /jtrac/app/?wicket:interface=:8:::: HTTP/1.1" 200 6034 
0:0:0:0:0:0:0:1 -  -  [25/11/2016:11:33:24 +0000] "POST /jtrac/app/?wicket:interface=:8:form::IFormSubmitListener:: HTTP/1.1" 302 0 
0:0:0:0:0:0:0:1 -  -  [25/11/2016:11:33:24 +0000] "GET /jtrac/app/?wicket:interface=:9:::: HTTP/1.1" 200 9993 
0:0:0:0:0:0:0:1 -  -  [25/11/2016:11:33:27 +0000] "POST /jtrac/app/?wicket:interface=:9:form::IFormSubmitListener:: HTTP/1.1" 302 0 
0:0:0:0:0:0:0:1 -  -  [25/11/2016:11:33:28 +0000] "GET /jtrac/app/?wicket:interface=:10:::: HTTP/1.1" 200 6040 
0:0:0:0:0:0:0:1 -  -  [25/11/2016:11:33:40 +0000] "POST /jtrac/app/?wicket:interface=:10:form::IFormSubmitListener:: HTTP/1.1" 302 0 
0:0:0:0:0:0:0:1 -  -  [25/11/2016:11:33:40 +0000] "GET /jtrac/app/?wicket:interface=:11:::: HTTP/1.1" 200 10856 
0:0:0:0:0:0:0:1 -  -  [25/11/2016:11:33:45 +0000] "POST /jtrac/app/?wicket:interface=:11:form::IFormSubmitListener:: HTTP/1.1" 302 0 
0:0:0:0:0:0:0:1 -  -  [25/11/2016:11:33:45 +0000] "GET /jtrac/app/?wicket:interface=:12:::: HTTP/1.1" 200 6040 
0:0:0:0:0:0:0:1 -  -  [25/11/2016:11:33:52 +0000] "POST /jtrac/app/?wicket:interface=:12:form::IFormSubmitListener:: HTTP/1.1" 302 0 
0:0:0:0:0:0:0:1 -  -  [25/11/2016:11:33:52 +0000] "GET /jtrac/app/?wicket:interface=:13:::: HTTP/1.1" 200 11720 
0:0:0:0:0:0:0:1 -  -  [25/11/2016:11:34:01 +0000] "POST /jtrac/app/?wicket:interface=:13:form::IFormSubmitListener:: HTTP/1.1" 302 0 
0:0:0:0:0:0:0:1 -  -  [25/11/2016:11:34:01 +0000] "GET /jtrac/app/?wicket:interface=:14:::: HTTP/1.1" 200 6040 
0:0:0:0:0:0:0:1 -  -  [25/11/2016:11:34:07 +0000] "POST /jtrac/app/?wicket:interface=:14:form::IFormSubmitListener:: HTTP/1.1" 302 0 
0:0:0:0:0:0:0:1 -  -  [25/11/2016:11:34:08 +0000] "GET /jtrac/app/?wicket:interface=:15:::: HTTP/1.1" 200 12574 
0:0:0:0:0:0:0:1 -  -  [25/11/2016:11:34:10 +0000] "POST /jtrac/app/?wicket:interface=:15:form::IFormSubmitListener:: HTTP/1.1" 302 0 
0:0:0:0:0:0:0:1 -  -  [25/11/2016:11:34:10 +0000] "GET /jtrac/app/?wicket:interface=:16:::: HTTP/1.1" 200 14499 
0:0:0:0:0:0:0:1 -  -  [25/11/2016:11:34:12 +0000] "POST /jtrac/app/?wicket:interface=:16:form::IFormSubmitListener:: HTTP/1.1" 302 0 
0:0:0:0:0:0:0:1 -  -  [25/11/2016:11:34:12 +0000] "GET /jtrac/app/?wicket:interface=:5:1::: HTTP/1.1" 200 5936 
0:0:0:0:0:0:0:1 -  -  [25/11/2016:11:34:14 +0000] "GET /jtrac/app/?wicket:interface=:5:header:dashboard:1:ILinkListener:: HTTP/1.1" 302 0 
0:0:0:0:0:0:0:1 -  -  [25/11/2016:11:34:14 +0000] "GET /jtrac/app/ HTTP/1.1" 200 8504 
0:0:0:0:0:0:0:1 -  -  [25/11/2016:11:34:15 +0000] "GET /jtrac/app/?wicket:interface=:17:table:dashboardRows:0:dashboardRow:new::ILinkListener:: HTTP/1.1" 302 0 
0:0:0:0:0:0:0:1 -  -  [25/11/2016:11:34:15 +0000] "GET /jtrac/app/item/form HTTP/1.1" 200 12859 
0:0:0:0:0:0:0:1 -  -  [25/11/2016:11:34:16 +0000] "GET /jtrac/resources/yui/yahoo/yahoo-min.js HTTP/1.1" 200 5848 
0:0:0:0:0:0:0:1 -  -  [25/11/2016:11:34:16 +0000] "GET /jtrac/resources/yui/dom/dom-min.js HTTP/1.1" 200 10882 
0:0:0:0:0:0:0:1 -  -  [25/11/2016:11:34:16 +0000] "GET /jtrac/resources/yui/calendar/calendar-min.js HTTP/1.1" 200 71809 
0:0:0:0:0:0:0:1 -  -  [25/11/2016:11:34:16 +0000] "GET /jtrac/resources/yui/calendar/assets/calendar.css HTTP/1.1" 200 5378 
0:0:0:0:0:0:0:1 -  -  [25/11/2016:11:34:16 +0000] "GET /jtrac/resources/yui/calendar/calendar-utils.js HTTP/1.1" 200 1070 
0:0:0:0:0:0:0:1 -  -  [25/11/2016:11:34:16 +0000] "GET /jtrac/resources/yui/event/event-min.js HTTP/1.1" 200 14404 
0:0:0:0:0:0:0:1 -  -  [25/11/2016:11:34:16 +0000] "GET /jtrac/resources/calendar.gif HTTP/1.1" 200 391 
0:0:0:0:0:0:0:1 -  -  [25/11/2016:11:35:04 +0000] "GET /jtrac/resources/yui/calendar/assets/callt.gif HTTP/1.1" 200 93 
0:0:0:0:0:0:0:1 -  -  [25/11/2016:11:35:04 +0000] "GET /jtrac/resources/yui/calendar/assets/calrt.gif HTTP/1.1" 200 94 
0:0:0:0:0:0:0:1 -  -  [25/11/2016:11:35:46 +0000] "GET /jtrac/app/?wicket:interface=:18:header:dashboard::ILinkListener:: HTTP/1.1" 302 0 
0:0:0:0:0:0:0:1 -  -  [25/11/2016:11:35:46 +0000] "GET /jtrac/app/ HTTP/1.1" 200 8504 
0:0:0:0:0:0:0:1 -  -  [25/11/2016:11:35:48 +0000] "GET /jtrac/app/?wicket:interface=:19:header:logout::ILinkListener:: HTTP/1.1" 302 0 
0:0:0:0:0:0:0:1 -  -  [25/11/2016:11:35:48 +0000] "GET /jtrac/app/logout/locale/en/ HTTP/1.1" 200 2152 
0:0:0:0:0:0:0:1 -  -  [25/11/2016:12:54:01 +0000] "GET / HTTP/1.1" 404 767 
0:0:0:0:0:0:0:1 -  -  [25/11/2016:12:54:01 +0000] "GET /favicon.ico HTTP/1.1" 200 1150 
0:0:0:0:0:0:0:1 -  -  [25/11/2016:12:54:03 +0000] "GET /jtrac HTTP/1.1" 503 1312 
0:0:0:0:0:0:0:1 -  -  [25/11/2016:12:58:14 +0000] "GET / HTTP/1.1" 404 778 
0:0:0:0:0:0:0:1 -  -  [25/11/2016:12:58:14 +0000] "GET /favicon.ico HTTP/1.1" 200 1150 
0:0:0:0:0:0:0:1 -  -  [25/11/2016:12:58:15 +0000] "GET /jtrac HTTP/1.1" 302 0 
0:0:0:0:0:0:0:1 -  -  [25/11/2016:12:58:15 +0000] "GET /jtrac/ HTTP/1.1" 200 75 
0:0:0:0:0:0:0:1 -  -  [25/11/2016:12:58:16 +0000] "GET /jtrac/app/ HTTP/1.1" 302 0 
0:0:0:0:0:0:0:1 -  -  [25/11/2016:12:58:16 +0000] "GET /jtrac/app/login HTTP/1.1" 200 2686 
0:0:0:0:0:0:0:1 -  -  [25/11/2016:12:58:16 +0000] "GET /jtrac/resources/jtrac.css HTTP/1.1" 200 4402 
0:0:0:0:0:0:0:1 -  -  [25/11/2016:12:58:16 +0000] "GET /jtrac/resources/logo-jtrac.PNG HTTP/1.1" 200 2928 
0:0:0:0:0:0:0:1 -  -  [25/11/2016:12:58:16 +0000] "GET /jtrac/app/resources/org.apache.wicket.markup.html.WicketEventReference/wicket-event.js HTTP/1.1" 200 1191 
0:0:0:0:0:0:0:1 -  -  [25/11/2016:12:58:16 +0000] "GET /jtrac/favicon.ico HTTP/1.1" 200 3638 
0:0:0:0:0:0:0:1 -  -  [25/11/2016:12:58:21 +0000] "POST /jtrac/app/login/wicket:interface/:0:form::IFormSubmitListener::/ HTTP/1.1" 302 0 
0:0:0:0:0:0:0:1 -  -  [25/11/2016:12:58:22 +0000] "GET /jtrac/app/ HTTP/1.1" 200 2802 
0:0:0:0:0:0:0:1 -  -  [25/11/2016:12:58:22 +0000] "GET /jtrac/resources/dashboard.gif HTTP/1.1" 200 603 
0:0:0:0:0:0:0:1 -  -  [25/11/2016:12:58:22 +0000] "GET /jtrac/resources/options.gif HTTP/1.1" 200 225 
0:0:0:0:0:0:0:1 -  -  [25/11/2016:12:58:22 +0000] "GET /jtrac/resources/logout.gif HTTP/1.1" 200 1069 
0:0:0:0:0:0:0:1 -  -  [25/11/2016:12:58:22 +0000] "GET /jtrac/resources/link.png HTTP/1.1" 200 313 
0:0:0:0:0:0:0:1 -  -  [25/11/2016:12:58:22 +0000] "GET /jtrac/resources/user.gif HTTP/1.1" 200 577 
0:0:0:0:0:0:0:1 -  -  [25/11/2016:12:58:24 +0000] "GET /jtrac/app/?wicket:interface=:2:header:options::ILinkListener:: HTTP/1.1" 302 0 
0:0:0:0:0:0:0:1 -  -  [25/11/2016:12:58:24 +0000] "GET /jtrac/app/options HTTP/1.1" 200 5789 
0:0:0:0:0:0:0:1 -  -  [25/11/2016:12:58:24 +0000] "GET /jtrac/resources/search.gif HTTP/1.1" 200 1023 
0:0:0:0:0:0:0:1 -  -  [25/11/2016:12:58:24 +0000] "GET /jtrac/resources/users.gif HTTP/1.1" 200 1035 
0:0:0:0:0:0:0:1 -  -  [25/11/2016:12:58:24 +0000] "GET /jtrac/resources/spaces.gif HTTP/1.1" 200 598 
0:0:0:0:0:0:0:1 -  -  [25/11/2016:12:58:24 +0000] "GET /jtrac/resources/settings.gif HTTP/1.1" 200 336 
0:0:0:0:0:0:0:1 -  -  [25/11/2016:12:58:24 +0000] "GET /jtrac/resources/refresh.gif HTTP/1.1" 200 605 
0:0:0:0:0:0:0:1 -  -  [25/11/2016:12:58:24 +0000] "GET /jtrac/resources/import.gif HTTP/1.1" 200 614 
0:0:0:0:0:0:0:1 -  -  [25/11/2016:12:58:26 +0000] "GET /jtrac/app/options?wicket:interface=:3:users::ILinkListener:: HTTP/1.1" 302 0 
0:0:0:0:0:0:0:1 -  -  [25/11/2016:12:58:26 +0000] "GET /jtrac/app/?wicket:interface=:4:::: HTTP/1.1" 200 4012 
0:0:0:0:0:0:0:1 -  -  [25/11/2016:12:58:28 +0000] "GET /jtrac/app/?wicket:interface=:4:header:dashboard::ILinkListener:: HTTP/1.1" 302 0 
0:0:0:0:0:0:0:1 -  -  [25/11/2016:12:58:28 +0000] "GET /jtrac/app/ HTTP/1.1" 200 2802 
0:0:0:0:0:0:0:1 -  -  [25/11/2016:12:58:30 +0000] "GET /jtrac/app/?wicket:interface=:5:header:options::ILinkListener:: HTTP/1.1" 302 0 
0:0:0:0:0:0:0:1 -  -  [25/11/2016:12:58:30 +0000] "GET /jtrac/app/options HTTP/1.1" 200 5789 
0:0:0:0:0:0:0:1 -  -  [25/11/2016:12:58:32 +0000] "GET /jtrac/app/options?wicket:interface=:6:users::ILinkListener:: HTTP/1.1" 302 0 
0:0:0:0:0:0:0:1 -  -  [25/11/2016:12:58:32 +0000] "GET /jtrac/app/?wicket:interface=:7:::: HTTP/1.1" 200 4012 
0:0:0:0:0:0:0:1 -  -  [25/11/2016:12:58:33 +0000] "POST /jtrac/app/?wicket:interface=:7:form::IFormSubmitListener:: HTTP/1.1" 302 0 
0:0:0:0:0:0:0:1 -  -  [25/11/2016:12:58:33 +0000] "GET /jtrac/app/?wicket:interface=:7:1::: HTTP/1.1" 200 4819 
0:0:0:0:0:0:0:1 -  -  [25/11/2016:12:58:33 +0000] "GET /jtrac/resources/edit.gif HTTP/1.1" 200 370 
0:0:0:0:0:0:0:1 -  -  [25/11/2016:12:58:35 +0000] "GET /jtrac/app/?wicket:interface=:7:users:0:edit:1:ILinkListener:: HTTP/1.1" 302 0 
0:0:0:0:0:0:0:1 -  -  [25/11/2016:12:58:35 +0000] "GET /jtrac/app/?wicket:interface=:8:::: HTTP/1.1" 200 7341 
0:0:0:0:0:0:0:1 -  -  [25/11/2016:12:58:35 +0000] "GET /jtrac/resources/cancel.gif HTTP/1.1" 200 343 
0:0:0:0:0:0:0:1 -  -  [25/11/2016:12:58:51 +0000] "POST /jtrac/app/?wicket:interface=:8:form::IFormSubmitListener:: HTTP/1.1" 302 0 
0:0:0:0:0:0:0:1 -  -  [25/11/2016:12:58:51 +0000] "GET /jtrac/app/?wicket:interface=:7:2::: HTTP/1.1" 200 4838 
0:0:0:0:0:0:0:1 -  -  [25/11/2016:12:58:54 +0000] "GET /jtrac/app/?wicket:interface=:7:header:logout:2:ILinkListener:: HTTP/1.1" 302 0 
0:0:0:0:0:0:0:1 -  -  [25/11/2016:12:58:54 +0000] "GET /jtrac/app/logout/locale/en/ HTTP/1.1" 200 1709 
0:0:0:0:0:0:0:1 -  -  [25/11/2016:13:00:26 +0000] "GET /jtrac/app/login HTTP/1.1" 200 2686 
0:0:0:0:0:0:0:1 -  -  [25/11/2016:13:00:32 +0000] "POST /jtrac/app/login/wicket:interface/:0:form::IFormSubmitListener::/ HTTP/1.1" 302 0 
0:0:0:0:0:0:0:1 -  -  [25/11/2016:13:00:32 +0000] "GET /jtrac/app/ HTTP/1.1" 200 2802 
0:0:0:0:0:0:0:1 -  -  [25/11/2016:13:35:26 +0000] "GET /jtrac/app/?wicket:interface=:2:header:dashboard::ILinkListener:: HTTP/1.1" 404 1442 
0:0:0:0:0:0:0:1 -  -  [25/11/2016:13:35:28 +0000] "GET /jtrac/app/ HTTP/1.1" 302 0 
0:0:0:0:0:0:0:1 -  -  [25/11/2016:13:35:28 +0000] "GET /jtrac/app/login HTTP/1.1" 200 2686 
