2016-11-29 09:47:23,856 [main] INFO [org.springframework.web.context.ContextLoader] - Root WebApplicationContext: initialization started
2016-11-29 09:47:23,877 [main] INFO [org.springframework.web.context.support.XmlWebApplicationContext] - Refreshing org.springframework.web.context.support.XmlWebApplicationContext@38ae61: display name [Root WebApplicationContext]; startup date [Tue Nov 29 09:47:23 CET 2016]; root of context hierarchy
2016-11-29 09:47:23,976 [main] INFO [org.springframework.web.context.support.XmlWebApplicationContext] - Bean factory for application context [org.springframework.web.context.support.XmlWebApplicationContext@38ae61]: org.springframework.beans.factory.support.DefaultListableBeanFactory@b4cef0
2016-11-29 09:47:24,033 [main] INFO [info.jtrac.config.JtracConfigurer] - found 'jtrac-init.properties' on classpath, processing...
2016-11-29 09:47:24,034 [main] INFO [info.jtrac.config.JtracConfigurer] - locales available configured are 'en,ar,cs,de,el,en,es,es_AR,es_MX,fr,hu,it,ja,ko,nl,no,pl,pt_BR,ru,sl,sv,tr,zh_CN,zh_TW'
2016-11-29 09:47:24,034 [main] INFO [info.jtrac.config.JtracConfigurer] - valid 'jtrac.home' property not available in 'jtrac-init.properties', trying system properties.
2016-11-29 09:47:24,035 [main] INFO [info.jtrac.config.JtracConfigurer] - 'jtrac.home' property initialized from system properties as 'home'
2016-11-29 09:47:24,035 [main] INFO [info.jtrac.config.JtracConfigurer] - directory already exists: 'home'
2016-11-29 09:47:24,035 [main] INFO [info.jtrac.config.JtracConfigurer] - directory already exists: 'home\attachments'
2016-11-29 09:47:24,035 [main] INFO [info.jtrac.config.JtracConfigurer] - directory already exists: 'home\indexes'
2016-11-29 09:47:24,035 [main] INFO [info.jtrac.config.JtracConfigurer] - 'jtrac.properties' file exists: 'home\jtrac.properties'
2016-11-29 09:47:24,036 [main] INFO [info.jtrac.config.JtracConfigurer] - found 'jtrac-version.properties' on classpath, processing...
2016-11-29 09:47:24,036 [main] INFO [info.jtrac.config.JtracConfigurer] - jtrac.version = ''
2016-11-29 09:47:24,037 [main] INFO [info.jtrac.config.JtracConfigurer] - jtrac.timestamp = '201611241440'
2016-11-29 09:47:24,037 [main] INFO [info.jtrac.config.JtracConfigurer] - Loading properties file from file [C:\workspace\jtrac\target\jetty\home\jtrac.properties]
2016-11-29 09:47:24,094 [main] INFO [info.jtrac.config.DataSourceFactoryBean] - embedded HSQLDB mode detected, switching on spring single connection data source
2016-11-29 09:47:25,122 [main] DEBUG [org.hibernate.SQL] - select item0_.id as id0_, item0_.version as version0_, item0_.space_id as space3_0_, item0_.sequence_num as sequence4_0_, item0_.type as type0_, item0_.parent_id as parent6_0_, item0_.time_stamp as time7_0_, item0_.planned_effort as planned8_0_, item0_.logged_by as logged9_0_, item0_.assigned_to as assigned10_0_, item0_.summary as summary0_, item0_.detail as detail0_, item0_.status as status0_, item0_.severity as severity0_, item0_.priority as priority0_, item0_.cus_dbl_01 as cus16_0_, item0_.cus_dbl_02 as cus17_0_, item0_.cus_dbl_03 as cus18_0_, item0_.cus_int_01 as cus19_0_, item0_.cus_int_02 as cus20_0_, item0_.cus_int_03 as cus21_0_, item0_.cus_int_04 as cus22_0_, item0_.cus_int_05 as cus23_0_, item0_.cus_int_06 as cus24_0_, item0_.cus_int_07 as cus25_0_, item0_.cus_int_08 as cus26_0_, item0_.cus_int_09 as cus27_0_, item0_.cus_int_10 as cus28_0_, item0_.cus_str_01 as cus29_0_, item0_.cus_str_02 as cus30_0_, item0_.cus_str_03 as cus31_0_, item0_.cus_str_04 as cus32_0_, item0_.cus_str_05 as cus33_0_, item0_.cus_tim_01 as cus34_0_, item0_.cus_tim_02 as cus35_0_, item0_.cus_tim_03 as cus36_0_, item0_.cus_text_01 as cus37_0_, item0_.cus_text_02 as cus38_0_, item0_.cus_text_03 as cus39_0_ from items item0_ where item0_.id=1
2016-11-29 09:47:25,153 [main] INFO [info.jtrac.hibernate.HibernateJtracDao] - database schema exists, normal startup
2016-11-29 09:47:25,157 [main] DEBUG [org.hibernate.SQL] - select user0_.id as id6_, user0_.type as type6_, user0_.parent as parent6_, user0_.login_name as login4_6_, user0_.name as name6_, user0_.password as password6_, user0_.email as email6_, user0_.locale as locale6_, user0_.locked as locked6_, user0_.metadata_id as metadata10_6_ from users user0_ where user0_.login_name=?
2016-11-29 09:47:25,164 [main] DEBUG [org.hibernate.SQL] - select this_.id as id9_0_, this_.next_seq_num as next2_9_0_ from space_sequence this_
2016-11-29 09:47:25,170 [main] DEBUG [org.hibernate.SQL] - select item0_.space_id as col_0_0_, max(item0_.sequence_num) as col_1_0_ from items item0_ group by item0_.space_id
2016-11-29 09:47:25,172 [main] INFO [info.jtrac.hibernate.HibernateJtracDao] - checking space sequence id: 1, max: 2, next: 3
2016-11-29 09:47:25,218 [main] INFO [info.jtrac.JtracImpl] - available locales configured {en=en - English, ar=ar - Arabic, cs=cs - Czech, de=de - German, el=el - Greek, es=es - Spanish, es_AR=es_AR - Spanish (Argentina), es_MX=es_MX - Spanish (Mexico), fr=fr - French, hu=hu - Hungarian, it=it - Italian, ja=ja - Japanese, ko=ko - Korean, nl=nl - Dutch, no=no - Norwegian, pl=pl - Polish, pt_BR=pt_BR - Portuguese (Brazil), ru=ru - Russian, sl=sl - Slovenian, sv=sv - Swedish, tr=tr - Turkish, zh_CN=zh_CN - Chinese (China), zh_TW=zh_TW - Chinese (Taiwan)}
2016-11-29 09:47:25,218 [main] DEBUG [org.hibernate.SQL] - select this_.param as param12_0_, this_.value as value12_0_ from config this_
2016-11-29 09:47:25,219 [main] WARN [info.jtrac.JtracImpl] - invalid default locale configured = 'null', using en
2016-11-29 09:47:25,219 [main] INFO [info.jtrac.JtracImpl] - default locale set to 'en'
2016-11-29 09:47:25,221 [main] WARN [info.jtrac.mail.MailSender] - 'mail.server.host' config is null, mail sender not initialized
2016-11-29 09:47:25,221 [main] INFO [info.jtrac.mail.MailSender] - email hyperlink base url set to 'http://localhost/jtrac/'
2016-11-29 09:47:25,221 [main] WARN [info.jtrac.JtracImpl] - invalid attachment max size 'null', using 5
2016-11-29 09:47:25,221 [main] INFO [info.jtrac.JtracImpl] - attachment max size set to 5 MB
2016-11-29 09:47:25,222 [main] WARN [info.jtrac.JtracImpl] - invalid session timeout 'null', using 30
2016-11-29 09:47:25,222 [main] INFO [info.jtrac.JtracImpl] - session timeout set to 30 minutes
2016-11-29 09:47:25,278 [main] INFO [org.springframework.web.context.ContextLoader] - Root WebApplicationContext: initialization completed in 1421 ms
2016-11-29 09:47:25,396 [main] INFO [info.jtrac.wicket.JtracApplication] - wicket production mode, using: org.apache.wicket.protocol.http.SecondLevelCacheSessionStore@123017e
2016-11-29 09:47:25,424 [main] DEBUG [info.jtrac.wicket.JtracApplication] - No bean named 'casProxyTicketValidator' is defined
2016-11-29 09:47:25,424 [main] INFO [info.jtrac.wicket.JtracApplication] - casProxyTicketValidator not found in application context, CAS single-sign-on is not being used
2016-11-29 09:47:25,458 [main] WARN [info.jtrac.wicket.devmode.ReloadingWicketFilter] - 
***********************************************
*** WARNING: Reloading Wicket Filter in use ***
***    This is wrong if production mode.    ***
***********************************************
2016-11-29 09:47:25,513 [main] INFO [org.springframework.web.servlet.DispatcherServlet] - FrameworkServlet 'jtrac-api': initialization started
2016-11-29 09:47:25,513 [main] INFO [org.springframework.web.context.support.XmlWebApplicationContext] - Refreshing org.springframework.web.context.support.XmlWebApplicationContext@11659ea: display name [WebApplicationContext for namespace 'jtrac-api-servlet']; startup date [Tue Nov 29 09:47:25 CET 2016]; parent: org.springframework.web.context.support.XmlWebApplicationContext@38ae61
2016-11-29 09:47:25,520 [main] INFO [org.springframework.web.context.support.XmlWebApplicationContext] - Bean factory for application context [org.springframework.web.context.support.XmlWebApplicationContext@11659ea]: org.springframework.beans.factory.support.DefaultListableBeanFactory@1a302e0
2016-11-29 09:47:25,548 [main] DEBUG [info.jtrac.web.RestMultiActionController] - Found action method [public void info.jtrac.web.RestMultiActionController.versionGet(javax.servlet.http.HttpServletRequest,javax.servlet.http.HttpServletResponse) throws java.lang.Exception]
2016-11-29 09:47:25,548 [main] DEBUG [info.jtrac.web.RestMultiActionController] - Found action method [public void info.jtrac.web.RestMultiActionController.spaceUsersGet(javax.servlet.http.HttpServletRequest,javax.servlet.http.HttpServletResponse) throws java.lang.Exception]
2016-11-29 09:47:25,548 [main] DEBUG [info.jtrac.web.RestMultiActionController] - Found action method [public void info.jtrac.web.RestMultiActionController.itemSearchGet(javax.servlet.http.HttpServletRequest,javax.servlet.http.HttpServletResponse) throws java.lang.Exception]
2016-11-29 09:47:25,548 [main] DEBUG [info.jtrac.web.RestMultiActionController] - Found action method [public void info.jtrac.web.RestMultiActionController.itemAllGet(javax.servlet.http.HttpServletRequest,javax.servlet.http.HttpServletResponse) throws java.lang.Exception]
2016-11-29 09:47:25,549 [main] DEBUG [info.jtrac.web.RestMultiActionController] - Found action method [public void info.jtrac.web.RestMultiActionController.itemPut(javax.servlet.http.HttpServletRequest,javax.servlet.http.HttpServletResponse) throws java.lang.Exception]
2016-11-29 09:47:25,549 [main] DEBUG [info.jtrac.web.RestMultiActionController] - Found action method [public void info.jtrac.web.RestMultiActionController.itemGet(javax.servlet.http.HttpServletRequest,javax.servlet.http.HttpServletResponse) throws java.lang.Exception]
2016-11-29 09:47:25,560 [main] DEBUG [info.jtrac.web.DefaultMultiActionController] - Found action method [public org.springframework.web.servlet.ModelAndView info.jtrac.web.DefaultMultiActionController.itemViewHandler(javax.servlet.http.HttpServletRequest,javax.servlet.http.HttpServletResponse)]
2016-11-29 09:47:25,581 [main] INFO [org.springframework.web.servlet.DispatcherServlet] - FrameworkServlet 'jtrac-api': initialization completed in 68 ms
2016-11-29 09:47:31,280 [btpool0-7] DEBUG [info.jtrac.wicket.JtracSession] - JtracSession create: info.jtrac.wicket.devmode.ReloadingClassLoader@525575
2016-11-29 09:47:31,299 [btpool0-7] DEBUG [info.jtrac.wicket.JtracApplication] - checking cookies for remember-me auto login
2016-11-29 09:47:31,300 [btpool0-7] DEBUG [info.jtrac.wicket.JtracApplication] - examining cookie: domain: 'null', name: 'JSESSIONID', path: 'null', value: '1x98ggf5r99f6', secure: 'false', version: '0', maxAge: '-1', comment: 'null'
2016-11-29 09:47:31,306 [btpool0-7] DEBUG [org.hibernate.SQL] - select space0_.id as id8_0_, metadata1_.id as id10_1_, space0_.version as version8_0_, space0_.type as type8_0_, space0_.prefix_code as prefix4_8_0_, space0_.name as name8_0_, space0_.description as descript6_8_0_, space0_.guest_allowed as guest7_8_0_, space0_.metadata_id as metadata8_8_0_, metadata1_.version as version10_1_, metadata1_.type as type10_1_, metadata1_.name as name10_1_, metadata1_.description as descript5_10_1_, metadata1_.parent_id as parent6_10_1_, metadata1_.xml_string as xml7_10_1_ from spaces space0_ inner join metadata metadata1_ on space0_.metadata_id=metadata1_.id where space0_.guest_allowed=1
2016-11-29 09:47:31,307 [btpool0-7] DEBUG [info.jtrac.wicket.JtracApplication] - not authenticated, forcing login, page requested was info.jtrac.wicket.DashboardPage
2016-11-29 09:47:31,322 [btpool0-7] DEBUG [org.hibernate.SQL] - select this_.param as param12_0_, this_.value as value12_0_ from config this_
2016-11-29 09:48:25,277 [Timer-0] DEBUG [info.jtrac.JtracImpl] - polling task called
2016-11-29 09:48:25,278 [Timer-0] DEBUG [info.jtrac.JtracImpl] - hourly task called
2016-11-29 09:48:55,622 [btpool0-7] DEBUG [org.hibernate.SQL] - select this_.param as param12_0_, this_.value as value12_0_ from config this_
2016-11-29 09:48:55,640 [btpool0-7] INFO [info.jtrac.config.ProviderManagerFactoryBean] - not using ldap authentication
2016-11-29 09:48:55,647 [btpool0-7] DEBUG [org.hibernate.SQL] - select user0_.id as id6_, user0_.type as type6_, user0_.parent as parent6_, user0_.login_name as login4_6_, user0_.name as name6_, user0_.password as password6_, user0_.email as email6_, user0_.locale as locale6_, user0_.locked as locked6_, user0_.metadata_id as metadata10_6_ from users user0_ where user0_.login_name=?
2016-11-29 09:48:55,647 [btpool0-7] DEBUG [info.jtrac.JtracImpl] - loadUserByUserName success for 'admin'
2016-11-29 09:48:55,648 [btpool0-7] DEBUG [org.hibernate.SQL] - select userspacer0_.user_id as user2_1_, userspacer0_.id as id1_, userspacer0_.id as id7_0_, userspacer0_.user_id as user2_7_0_, userspacer0_.space_id as space3_7_0_, userspacer0_.role_key as role4_7_0_ from user_space_roles userspacer0_ where userspacer0_.user_id=?
2016-11-29 09:48:55,651 [btpool0-7] DEBUG [org.hibernate.SQL] - select space0_.id as id8_0_, space0_.version as version8_0_, space0_.type as type8_0_, space0_.prefix_code as prefix4_8_0_, space0_.name as name8_0_, space0_.description as descript6_8_0_, space0_.guest_allowed as guest7_8_0_, space0_.metadata_id as metadata8_8_0_ from spaces space0_ where space0_.id=?
2016-11-29 09:48:55,655 [btpool0-7] DEBUG [info.jtrac.JtracImpl] - user spaces: [id [1]; prefixCode [FOO]]
2016-11-29 09:48:55,655 [btpool0-7] DEBUG [org.hibernate.SQL] - select space0_.id as id8_0_, metadata1_.id as id10_1_, space0_.version as version8_0_, space0_.type as type8_0_, space0_.prefix_code as prefix4_8_0_, space0_.name as name8_0_, space0_.description as descript6_8_0_, space0_.guest_allowed as guest7_8_0_, space0_.metadata_id as metadata8_8_0_, metadata1_.version as version10_1_, metadata1_.type as type10_1_, metadata1_.name as name10_1_, metadata1_.description as descript5_10_1_, metadata1_.parent_id as parent6_10_1_, metadata1_.xml_string as xml7_10_1_ from spaces space0_ inner join metadata metadata1_ on space0_.metadata_id=metadata1_.id where space0_.guest_allowed=1
2016-11-29 09:48:55,656 [btpool0-7] DEBUG [info.jtrac.JtracImpl] - UserSpaceRole: DEFAULT:FOO
2016-11-29 09:48:55,656 [btpool0-7] DEBUG [org.hibernate.SQL] - select metadata0_.id as id10_0_, metadata0_.version as version10_0_, metadata0_.type as type10_0_, metadata0_.name as name10_0_, metadata0_.description as descript5_10_0_, metadata0_.parent_id as parent6_10_0_, metadata0_.xml_string as xml7_10_0_ from metadata metadata0_ where metadata0_.id=?
2016-11-29 09:48:55,708 [btpool0-7] DEBUG [info.jtrac.wicket.JtracApplication] - acegi authentication failed: org.acegisecurity.BadCredentialsException: Bad credentials
2016-11-29 09:48:55,708 [btpool0-7] ERROR [info.jtrac.wicket.LoginPage] - login failed - Authentication for login name 'admin' not successful
2016-11-29 09:48:59,419 [btpool0-7] DEBUG [org.hibernate.SQL] - select user0_.id as id6_, user0_.type as type6_, user0_.parent as parent6_, user0_.login_name as login4_6_, user0_.name as name6_, user0_.password as password6_, user0_.email as email6_, user0_.locale as locale6_, user0_.locked as locked6_, user0_.metadata_id as metadata10_6_ from users user0_ where user0_.login_name=?
2016-11-29 09:48:59,420 [btpool0-7] DEBUG [info.jtrac.JtracImpl] - loadUserByUserName success for 'admin'
2016-11-29 09:48:59,421 [btpool0-7] DEBUG [org.hibernate.SQL] - select userspacer0_.user_id as user2_1_, userspacer0_.id as id1_, userspacer0_.id as id7_0_, userspacer0_.user_id as user2_7_0_, userspacer0_.space_id as space3_7_0_, userspacer0_.role_key as role4_7_0_ from user_space_roles userspacer0_ where userspacer0_.user_id=?
2016-11-29 09:48:59,421 [btpool0-7] DEBUG [org.hibernate.SQL] - select space0_.id as id8_0_, space0_.version as version8_0_, space0_.type as type8_0_, space0_.prefix_code as prefix4_8_0_, space0_.name as name8_0_, space0_.description as descript6_8_0_, space0_.guest_allowed as guest7_8_0_, space0_.metadata_id as metadata8_8_0_ from spaces space0_ where space0_.id=?
2016-11-29 09:48:59,422 [btpool0-7] DEBUG [info.jtrac.JtracImpl] - user spaces: [id [1]; prefixCode [FOO]]
2016-11-29 09:48:59,422 [btpool0-7] DEBUG [org.hibernate.SQL] - select space0_.id as id8_0_, metadata1_.id as id10_1_, space0_.version as version8_0_, space0_.type as type8_0_, space0_.prefix_code as prefix4_8_0_, space0_.name as name8_0_, space0_.description as descript6_8_0_, space0_.guest_allowed as guest7_8_0_, space0_.metadata_id as metadata8_8_0_, metadata1_.version as version10_1_, metadata1_.type as type10_1_, metadata1_.name as name10_1_, metadata1_.description as descript5_10_1_, metadata1_.parent_id as parent6_10_1_, metadata1_.xml_string as xml7_10_1_ from spaces space0_ inner join metadata metadata1_ on space0_.metadata_id=metadata1_.id where space0_.guest_allowed=1
2016-11-29 09:48:59,423 [btpool0-7] DEBUG [info.jtrac.JtracImpl] - UserSpaceRole: DEFAULT:FOO
2016-11-29 09:48:59,423 [btpool0-7] DEBUG [org.hibernate.SQL] - select metadata0_.id as id10_0_, metadata0_.version as version10_0_, metadata0_.type as type10_0_, metadata0_.name as name10_0_, metadata0_.description as descript5_10_0_, metadata0_.parent_id as parent6_10_0_, metadata0_.xml_string as xml7_10_0_ from metadata metadata0_ where metadata0_.id=?
2016-11-29 09:48:59,437 [btpool0-7] DEBUG [org.hibernate.SQL] - select this_.param as param12_0_, this_.value as value12_0_ from config this_
2016-11-29 09:48:59,446 [btpool0-7] DEBUG [org.hibernate.SQL] - select item0_.space_id as col_0_0_, count(item0_.id) as col_1_0_ from items item0_ where item0_.logged_by=? group by item0_.space_id
2016-11-29 09:48:59,449 [btpool0-7] DEBUG [org.hibernate.SQL] - select item0_.space_id as col_0_0_, count(item0_.id) as col_1_0_ from items item0_ where item0_.assigned_to=? group by item0_.space_id
2016-11-29 09:48:59,455 [btpool0-7] DEBUG [org.hibernate.SQL] - select item0_.space_id as col_0_0_, count(item0_.id) as col_1_0_ from items item0_ where item0_.space_id in (?) group by item0_.space_id
2016-11-29 09:48:59,458 [btpool0-7] DEBUG [org.hibernate.SQL] - select this_.id as id13_0_, this_.name as name13_0_, this_.query as query13_0_ from storedsearch this_
2016-11-29 09:49:02,104 [btpool0-7] DEBUG [org.hibernate.SQL] - select this_.param as param12_0_, this_.value as value12_0_ from config this_
2016-11-29 09:49:03,530 [btpool0-7] DEBUG [org.hibernate.SQL] - select this_.param as param12_0_, this_.value as value12_0_ from config this_
2016-11-29 09:49:03,533 [btpool0-7] DEBUG [org.hibernate.SQL] - select this_.id as id13_0_, this_.name as name13_0_, this_.query as query13_0_ from storedsearch this_
2016-11-29 09:49:05,001 [btpool0-7] DEBUG [org.hibernate.SQL] - select this_.param as param12_0_, this_.value as value12_0_ from config this_
2016-11-29 09:53:25,277 [Timer-0] DEBUG [info.jtrac.JtracImpl] - polling task called
2016-11-29 09:58:25,277 [Timer-0] DEBUG [info.jtrac.JtracImpl] - polling task called
2016-11-29 10:03:25,297 [Timer-0] DEBUG [info.jtrac.JtracImpl] - polling task called
